{
  level: 'warn',
  message: 'HTTP GET /public/Accenture-Emblem.png',
  metadata: {
    meta: {
      req: {
        url: '/public/Accenture-Emblem.png',
        headers: {
          host: 'localhost:8000',
          connection: 'keep-alive',
          'sec-ch-ua': '"Chromium";v="124", "Google Chrome";v="124", "Not-A.Brand";v="99"',
          'sec-ch-ua-mobile': '?0',
          'user-agent': 'Mozilla/5.0 (Windows NT 10.0; Win64; x64) AppleWebKit/537.36 (KHTML, like Gecko) Chrome/124.0.0.0 Safari/537.36',
          'sec-ch-ua-platform': '"Windows"',
          accept: 'image/avif,image/webp,image/apng,image/svg+xml,image/*,*/*;q=0.8',
          'sec-fetch-site': 'same-origin',
          'sec-fetch-mode': 'no-cors',
          'sec-fetch-dest': 'image',
          referer: 'http://localhost:8000/',
          'accept-encoding': 'gzip, deflate, br, zstd',
          'accept-language': 'en-US,en;q=0.9',
          cookie: 'connect.sid=s%3AO-RCKiVEGk2TFr2R7pzwDmD2sv-w-2px.qVe1Yyov2KUJt8vH9G%2F4jNq4ct8OLr1mF9HATOzyQPc'
        },
        method: 'GET',
        httpVersion: '1.1',
        originalUrl: '/public/Accenture-Emblem.png',
        query: {}
      },
      res: { statusCode: 401 },
      responseTime: 1
    },
    timestamp: '2024-05-07T11:55:32.288Z'
  }
}
{
  level: 'warn',
  message: 'HTTP GET /public/Accenture-Emblem.png',
  metadata: {
    meta: {
      req: {
        url: '/public/Accenture-Emblem.png',
        headers: {
          host: 'localhost:8000',
          connection: 'keep-alive',
          'sec-ch-ua': '"Chromium";v="124", "Google Chrome";v="124", "Not-A.Brand";v="99"',
          'sec-ch-ua-mobile': '?0',
          'user-agent': 'Mozilla/5.0 (Windows NT 10.0; Win64; x64) AppleWebKit/537.36 (KHTML, like Gecko) Chrome/124.0.0.0 Safari/537.36',
          'sec-ch-ua-platform': '"Windows"',
          accept: 'image/avif,image/webp,image/apng,image/svg+xml,image/*,*/*;q=0.8',
          'sec-fetch-site': 'same-origin',
          'sec-fetch-mode': 'no-cors',
          'sec-fetch-dest': 'image',
          referer: 'http://localhost:8000/',
          'accept-encoding': 'gzip, deflate, br, zstd',
          'accept-language': 'en-US,en;q=0.9',
          cookie: 'connect.sid=s%3AO-RCKiVEGk2TFr2R7pzwDmD2sv-w-2px.qVe1Yyov2KUJt8vH9G%2F4jNq4ct8OLr1mF9HATOzyQPc'
        },
        method: 'GET',
        httpVersion: '1.1',
        originalUrl: '/public/Accenture-Emblem.png',
        query: {}
      },
      res: { statusCode: 401 },
      responseTime: 0
    },
    timestamp: '2024-05-07T11:55:35.478Z'
  }
}
{
  level: 'warn',
  message: 'HTTP GET /public/Accenture-Emblem.png',
  metadata: {
    meta: {
      req: {
        url: '/public/Accenture-Emblem.png',
        headers: {
          host: 'localhost:8000',
          connection: 'keep-alive',
          'sec-ch-ua': '"Chromium";v="124", "Google Chrome";v="124", "Not-A.Brand";v="99"',
          'sec-ch-ua-mobile': '?0',
          'user-agent': 'Mozilla/5.0 (Windows NT 10.0; Win64; x64) AppleWebKit/537.36 (KHTML, like Gecko) Chrome/124.0.0.0 Safari/537.36',
          'sec-ch-ua-platform': '"Windows"',
          accept: 'image/avif,image/webp,image/apng,image/svg+xml,image/*,*/*;q=0.8',
          'sec-fetch-site': 'same-origin',
          'sec-fetch-mode': 'no-cors',
          'sec-fetch-dest': 'image',
          referer: 'http://localhost:8000/bandwidth',
          'accept-encoding': 'gzip, deflate, br, zstd',
          'accept-language': 'en-US,en;q=0.9',
          cookie: 'connect.sid=s%3AO-RCKiVEGk2TFr2R7pzwDmD2sv-w-2px.qVe1Yyov2KUJt8vH9G%2F4jNq4ct8OLr1mF9HATOzyQPc; token=eyJhbGciOiJIUzI1NiIsInR5cCI6IkpXVCJ9.eyJ1c2VyIjp7InVzZXIiOiJ0ZXN0dXNlciIsInBhc3N3b3JkIjoiJDJiJDEyJHJkZGQuS0VvSnY1d3l5TGJtZmRKWGVycmFEYjExN3V6SWx0TWNIemJZREdGZUxham0wQ0RlIn0sImlhdCI6MTcxNTA4Mjk0OCwiZXhwIjoxNzE1MDgzODQ4fQ.xHvS76lzwffbXkD7lKrSxwtQ0jHNN-oHLCCxgTWfEbw'
        },
        method: 'GET',
        httpVersion: '1.1',
        originalUrl: '/public/Accenture-Emblem.png',
        query: {}
      },
      res: { statusCode: 404 },
      responseTime: 3
    },
    timestamp: '2024-05-07T11:55:48.359Z'
  }
}
{
  level: 'warn',
  message: 'HTTP GET /gkjhkjhk',
  metadata: {
    meta: {
      req: {
        url: '/gkjhkjhk',
        headers: {
          'content-type': 'application/json',
          'user-agent': 'PostmanRuntime/7.37.3',
          accept: '*/*',
          'postman-token': '9f18ed72-a5a3-4157-b084-29893d6d622e',
          host: 'localhost:8000',
          'accept-encoding': 'gzip, deflate, br',
          connection: 'keep-alive',
          'content-length': '6',
          cookie: 'connect.sid=s%3AKw6mTII76tycePlOnZTEQP_cD4RQqwnT.b2Js6byNBT0iIAwXyrAxkP15BgyrkYWTSZgh5lcCMYw; token=eyJhbGciOiJIUzI1NiIsInR5cCI6IkpXVCJ9.eyJ1c2VyIjp7InVzZXIiOiJ0ZXN0dXNlciIsInBhc3N3b3JkIjoiJDJiJDEyJHJkZGQuS0VvSnY1d3l5TGJtZmRKWGVycmFEYjExN3V6SWx0TWNIemJZREdGZUxham0wQ0RlIn0sImlhdCI6MTcxNTA4NDMwOSwiZXhwIjoxNzE1MDg1MjA5fQ.j6sFgcmNW_EpryKNmMhVKeiuWPnlzCmq-e6Y288_NAY'
        },
        method: 'GET',
        httpVersion: '1.1',
        originalUrl: '/gkjhkjhk',
        query: {}
      },
      res: { statusCode: 404 },
      responseTime: 8
    },
    timestamp: '2024-05-07T12:23:00.213Z'
  }
}
{
  level: 'warn',
  message: 'HTTP GET /gkjhkjhk',
  metadata: {
    meta: {
      req: {
        url: '/gkjhkjhk',
        headers: {
          'content-type': 'application/json',
          'user-agent': 'PostmanRuntime/7.37.3',
          accept: '*/*',
          'postman-token': 'f38bff52-8af7-4a79-8207-9b40b6e418ea',
          host: 'localhost:8000',
          'accept-encoding': 'gzip, deflate, br',
          connection: 'keep-alive',
          'content-length': '6',
          cookie: 'connect.sid=s%3ABNALY3ysEwCxV3E50PLl6BJFm80ayFD_.5AUIenkXXAcEFnrcEY3rrMxPL9CGMtARcuMh1ZpTa3E; token=eyJhbGciOiJIUzI1NiIsInR5cCI6IkpXVCJ9.eyJ1c2VyIjp7InVzZXIiOiJ0ZXN0dXNlciIsInBhc3N3b3JkIjoiJDJiJDEyJHJkZGQuS0VvSnY1d3l5TGJtZmRKWGVycmFEYjExN3V6SWx0TWNIemJZREdGZUxham0wQ0RlIn0sImlhdCI6MTcxNTA4NDMwOSwiZXhwIjoxNzE1MDg1MjA5fQ.j6sFgcmNW_EpryKNmMhVKeiuWPnlzCmq-e6Y288_NAY'
        },
        method: 'GET',
        httpVersion: '1.1',
        originalUrl: '/gkjhkjhk',
        query: {}
      },
      res: { statusCode: 404 },
      responseTime: 13
    },
    timestamp: '2024-05-07T12:28:32.209Z'
  }
}
{
  level: 'error',
  message: "Error adding data: Cannot read properties of undefined (reading 'toUpperCase')",
  metadata: {
    stack: "TypeError: Cannot read properties of undefined (reading 'toUpperCase')\n" +
      '    at addData (file:///C:/Users/deepe/OneDrive/Documents/NodeJS_CodingNinja/BW_BILLING_TRACKER/features/bandwidth/bandwidth.controller.js:59:47)\n' +
      '    at Layer.handle [as handle_request] (C:\\Users\\deepe\\OneDrive\\Documents\\NodeJS_CodingNinja\\BW_BILLING_TRACKER\\node_modules\\express\\lib\\router\\layer.js:95:5)\n' +
      '    at next (C:\\Users\\deepe\\OneDrive\\Documents\\NodeJS_CodingNinja\\BW_BILLING_TRACKER\\node_modules\\express\\lib\\router\\route.js:149:13)\n' +
      '    at Route.dispatch (C:\\Users\\deepe\\OneDrive\\Documents\\NodeJS_CodingNinja\\BW_BILLING_TRACKER\\node_modules\\express\\lib\\router\\route.js:119:3)\n' +
      '    at Layer.handle [as handle_request] (C:\\Users\\deepe\\OneDrive\\Documents\\NodeJS_CodingNinja\\BW_BILLING_TRACKER\\node_modules\\express\\lib\\router\\layer.js:95:5)\n' +
      '    at C:\\Users\\deepe\\OneDrive\\Documents\\NodeJS_CodingNinja\\BW_BILLING_TRACKER\\node_modules\\express\\lib\\router\\index.js:284:15\n' +
      '    at Function.process_params (C:\\Users\\deepe\\OneDrive\\Documents\\NodeJS_CodingNinja\\BW_BILLING_TRACKER\\node_modules\\express\\lib\\router\\index.js:346:12)\n' +
      '    at next (C:\\Users\\deepe\\OneDrive\\Documents\\NodeJS_CodingNinja\\BW_BILLING_TRACKER\\node_modules\\express\\lib\\router\\index.js:280:10)\n' +
      '    at Function.handle (C:\\Users\\deepe\\OneDrive\\Documents\\NodeJS_CodingNinja\\BW_BILLING_TRACKER\\node_modules\\express\\lib\\router\\index.js:175:3)\n' +
      '    at router (C:\\Users\\deepe\\OneDrive\\Documents\\NodeJS_CodingNinja\\BW_BILLING_TRACKER\\node_modules\\express\\lib\\router\\index.js:47:12)\n' +
      '    at Layer.handle [as handle_request] (C:\\Users\\deepe\\OneDrive\\Documents\\NodeJS_CodingNinja\\BW_BILLING_TRACKER\\node_modules\\express\\lib\\router\\layer.js:95:5)\n' +
      '    at trim_prefix (C:\\Users\\deepe\\OneDrive\\Documents\\NodeJS_CodingNinja\\BW_BILLING_TRACKER\\node_modules\\express\\lib\\router\\index.js:328:13)\n' +
      '    at C:\\Users\\deepe\\OneDrive\\Documents\\NodeJS_CodingNinja\\BW_BILLING_TRACKER\\node_modules\\express\\lib\\router\\index.js:286:9\n' +
      '    at Function.process_params (C:\\Users\\deepe\\OneDrive\\Documents\\NodeJS_CodingNinja\\BW_BILLING_TRACKER\\node_modules\\express\\lib\\router\\index.js:346:12)\n' +
      '    at next (C:\\Users\\deepe\\OneDrive\\Documents\\NodeJS_CodingNinja\\BW_BILLING_TRACKER\\node_modules\\express\\lib\\router\\index.js:280:10)\n' +
      '    at jwtAuth (file:///C:/Users/deepe/OneDrive/Documents/NodeJS_CodingNinja/BW_BILLING_TRACKER/middlewares/jwt.middleware.js:36:9)',
    timestamp: '2024-05-07T12:54:34.770Z'
  }
}
{
  level: 'error',
  message: 'HTTP POST /bandwidth/add',
  metadata: {
    meta: {
      req: {
        url: '/bandwidth/add',
        headers: {
          'content-type': 'application/json',
          'user-agent': 'PostmanRuntime/7.37.3',
          accept: '*/*',
          'postman-token': '17a36219-430a-43f5-891a-617acba27f74',
          host: 'localhost:8000',
          'accept-encoding': 'gzip, deflate, br',
          connection: 'keep-alive',
          'content-length': '6',
          cookie: 'connect.sid=s%3AdnMX-jMmMI1YATbm6dYeImJ6VB18qLVA.A8Sws6hRvLD3X%2BV3nVekhY9MJBKIIA6aAyEIVV8Wwt0; token=eyJhbGciOiJIUzI1NiIsInR5cCI6IkpXVCJ9.eyJ1c2VyIjp7InVzZXIiOiJ0ZXN0dXNlciIsInBhc3N3b3JkIjoiJDJiJDEyJHJkZGQuS0VvSnY1d3l5TGJtZmRKWGVycmFEYjExN3V6SWx0TWNIemJZREdGZUxham0wQ0RlIn0sImlhdCI6MTcxNTA4NjM2OSwiZXhwIjoxNzE1MDg3MjY5fQ.l5mXLonPpir0tQ4_X1pw9jMQl4e1tR2DXtp6ZMqn_1Q'
        },
        method: 'POST',
        httpVersion: '1.1',
        originalUrl: '/bandwidth/add',
        query: {}
      },
      res: { statusCode: 500 },
      responseTime: 22
    },
    timestamp: '2024-05-07T12:54:34.786Z'
  }
}
{
  level: 'warn',
  message: 'HTTP GET /bandwidth/jbgjbkjbkh',
  metadata: {
    meta: {
      req: {
        url: '/bandwidth/jbgjbkjbkh',
        headers: {
          host: 'localhost:8000',
          connection: 'keep-alive',
          'sec-ch-ua': '"Chromium";v="124", "Google Chrome";v="124", "Not-A.Brand";v="99"',
          'sec-ch-ua-mobile': '?0',
          'sec-ch-ua-platform': '"Windows"',
          'upgrade-insecure-requests': '1',
          'user-agent': 'Mozilla/5.0 (Windows NT 10.0; Win64; x64) AppleWebKit/537.36 (KHTML, like Gecko) Chrome/124.0.0.0 Safari/537.36',
          accept: 'text/html,application/xhtml+xml,application/xml;q=0.9,image/avif,image/webp,image/apng,*/*;q=0.8,application/signed-exchange;v=b3;q=0.7',
          'sec-fetch-site': 'none',
          'sec-fetch-mode': 'navigate',
          'sec-fetch-user': '?1',
          'sec-fetch-dest': 'document',
          'accept-encoding': 'gzip, deflate, br, zstd',
          'accept-language': 'en-US,en;q=0.9',
          cookie: 'connect.sid=s%3ASEctsHysaHLNoMFHQTGXiTIjJHD3dk5s.SCFUZI16PdsycVUKQNZsqX%2BNnYEy4C%2F6KwaIW9j2d%2FU; token=eyJhbGciOiJIUzI1NiIsInR5cCI6IkpXVCJ9.eyJ1c2VyIjp7InVzZXIiOiJ0ZXN0dXNlciIsInBhc3N3b3JkIjoiJDJiJDEyJHJkZGQuS0VvSnY1d3l5TGJtZmRKWGVycmFEYjExN3V6SWx0TWNIemJZREdGZUxham0wQ0RlIn0sImlhdCI6MTcxNTA4ODIwNCwiZXhwIjoxNzE1MDg5MTA0fQ.sorlwnZvWZkW0OxgQCzCfNFM628bA_zNq02OVrQdh1o'
        },
        method: 'GET',
        httpVersion: '1.1',
        originalUrl: '/bandwidth/jbgjbkjbkh',
        query: {}
      },
      res: { statusCode: 404 },
      responseTime: 2
    },
    timestamp: '2024-05-07T13:23:52.348Z'
  }
}
{
  level: 'warn',
  message: 'HTTP GET /favicon.ico',
  metadata: {
    meta: {
      req: {
        url: '/favicon.ico',
        headers: {
          host: 'localhost:8000',
          connection: 'keep-alive',
          'sec-ch-ua': '"Chromium";v="124", "Google Chrome";v="124", "Not-A.Brand";v="99"',
          'sec-ch-ua-mobile': '?0',
          'user-agent': 'Mozilla/5.0 (Windows NT 10.0; Win64; x64) AppleWebKit/537.36 (KHTML, like Gecko) Chrome/124.0.0.0 Safari/537.36',
          'sec-ch-ua-platform': '"Windows"',
          accept: 'image/avif,image/webp,image/apng,image/svg+xml,image/*,*/*;q=0.8',
          'sec-fetch-site': 'same-origin',
          'sec-fetch-mode': 'no-cors',
          'sec-fetch-dest': 'image',
          referer: 'http://localhost:8000/bandwidth/jbgjbkjbkh',
          'accept-encoding': 'gzip, deflate, br, zstd',
          'accept-language': 'en-US,en;q=0.9',
          cookie: 'connect.sid=s%3ASEctsHysaHLNoMFHQTGXiTIjJHD3dk5s.SCFUZI16PdsycVUKQNZsqX%2BNnYEy4C%2F6KwaIW9j2d%2FU; token=eyJhbGciOiJIUzI1NiIsInR5cCI6IkpXVCJ9.eyJ1c2VyIjp7InVzZXIiOiJ0ZXN0dXNlciIsInBhc3N3b3JkIjoiJDJiJDEyJHJkZGQuS0VvSnY1d3l5TGJtZmRKWGVycmFEYjExN3V6SWx0TWNIemJZREdGZUxham0wQ0RlIn0sImlhdCI6MTcxNTA4ODIwNCwiZXhwIjoxNzE1MDg5MTA0fQ.sorlwnZvWZkW0OxgQCzCfNFM628bA_zNq02OVrQdh1o'
        },
        method: 'GET',
        httpVersion: '1.1',
        originalUrl: '/favicon.ico',
        query: {}
      },
      res: { statusCode: 404 },
      responseTime: 2
    },
    timestamp: '2024-05-07T13:23:52.398Z'
  }
}
{
  level: 'warn',
  message: 'HTTP GET /public/Accenture-Emblem.png',
  metadata: {
    meta: {
      req: {
        url: '/public/Accenture-Emblem.png',
        headers: {
          host: 'localhost:8000',
          connection: 'keep-alive',
          'sec-ch-ua': '"Chromium";v="128", "Not;A=Brand";v="24", "Google Chrome";v="128"',
          'sec-ch-ua-mobile': '?0',
          'user-agent': 'Mozilla/5.0 (Windows NT 10.0; Win64; x64) AppleWebKit/537.36 (KHTML, like Gecko) Chrome/128.0.0.0 Safari/537.36',
          'sec-ch-ua-platform': '"Windows"',
          accept: 'image/avif,image/webp,image/apng,image/svg+xml,image/*,*/*;q=0.8',
          'sec-fetch-site': 'same-origin',
          'sec-fetch-mode': 'no-cors',
          'sec-fetch-dest': 'image',
          referer: 'http://localhost:8000/',
          'accept-encoding': 'gzip, deflate, br, zstd',
          'accept-language': 'en-US,en;q=0.9',
          cookie: 'connect.sid=s%3A1qZyF5nGCjuVFjKLRHcn7HcUvkqA_QIW.3yr6OTMBiduC1Wajrry5hsglu%2FfkRrPsYs5CGAzFWTY'
        },
        method: 'GET',
        httpVersion: '1.1',
        originalUrl: '/public/Accenture-Emblem.png',
        query: {}
      },
      res: { statusCode: 401 },
      responseTime: 2
    },
    timestamp: '2024-08-29T14:21:50.589Z'
  }
}
{
  level: 'warn',
  message: 'HTTP GET /public/Accenture-Emblem.png',
  metadata: {
    meta: {
      req: {
        url: '/public/Accenture-Emblem.png',
        headers: {
          host: 'localhost:8000',
          connection: 'keep-alive',
          'sec-ch-ua': '"Chromium";v="128", "Not;A=Brand";v="24", "Google Chrome";v="128"',
          'sec-ch-ua-mobile': '?0',
          'user-agent': 'Mozilla/5.0 (Windows NT 10.0; Win64; x64) AppleWebKit/537.36 (KHTML, like Gecko) Chrome/128.0.0.0 Safari/537.36',
          'sec-ch-ua-platform': '"Windows"',
          accept: 'image/avif,image/webp,image/apng,image/svg+xml,image/*,*/*;q=0.8',
          'sec-fetch-site': 'same-origin',
          'sec-fetch-mode': 'no-cors',
          'sec-fetch-dest': 'image',
          referer: 'http://localhost:8000/bandwidth',
          'accept-encoding': 'gzip, deflate, br, zstd',
          'accept-language': 'en-US,en;q=0.9',
          cookie: 'connect.sid=s%3A1qZyF5nGCjuVFjKLRHcn7HcUvkqA_QIW.3yr6OTMBiduC1Wajrry5hsglu%2FfkRrPsYs5CGAzFWTY; token=eyJhbGciOiJIUzI1NiIsInR5cCI6IkpXVCJ9.eyJ1c2VyIjp7InVzZXIiOiJ0ZXN0dXNlciIsInBhc3N3b3JkIjoiJDJiJDEyJHJkZGQuS0VvSnY1d3l5TGJtZmRKWGVycmFEYjExN3V6SWx0TWNIemJZREdGZUxham0wQ0RlIn0sImlhdCI6MTcyNDk0MTMxOSwiZXhwIjoxNzI0OTQyMjE5fQ.4vJOsvo3VwxMaNzdvcnjGb_dd_m2Ywu8JINmCrLHGac'
        },
        method: 'GET',
        httpVersion: '1.1',
        originalUrl: '/public/Accenture-Emblem.png',
        query: {}
      },
      res: { statusCode: 404 },
      responseTime: 2
    },
    timestamp: '2024-08-29T14:21:59.684Z'
  }
}
{
  level: 'warn',
  message: 'HTTP GET /favicon.ico',
  metadata: {
    meta: {
      req: {
        url: '/favicon.ico',
        headers: {
          host: 'localhost:8000',
          connection: 'keep-alive',
          'sec-ch-ua': '"Chromium";v="128", "Not;A=Brand";v="24", "Google Chrome";v="128"',
          'sec-ch-ua-mobile': '?0',
          'user-agent': 'Mozilla/5.0 (Windows NT 10.0; Win64; x64) AppleWebKit/537.36 (KHTML, like Gecko) Chrome/128.0.0.0 Safari/537.36',
          'sec-ch-ua-platform': '"Windows"',
          accept: 'image/avif,image/webp,image/apng,image/svg+xml,image/*,*/*;q=0.8',
          'sec-fetch-site': 'same-origin',
          'sec-fetch-mode': 'no-cors',
          'sec-fetch-dest': 'image',
          referer: 'http://localhost:8000/bandwidth/update',
          'accept-encoding': 'gzip, deflate, br, zstd',
          'accept-language': 'en-US,en;q=0.9',
          cookie: 'connect.sid=s%3A1qZyF5nGCjuVFjKLRHcn7HcUvkqA_QIW.3yr6OTMBiduC1Wajrry5hsglu%2FfkRrPsYs5CGAzFWTY; token=eyJhbGciOiJIUzI1NiIsInR5cCI6IkpXVCJ9.eyJ1c2VyIjp7InVzZXIiOiJ0ZXN0dXNlciIsInBhc3N3b3JkIjoiJDJiJDEyJHJkZGQuS0VvSnY1d3l5TGJtZmRKWGVycmFEYjExN3V6SWx0TWNIemJZREdGZUxham0wQ0RlIn0sImlhdCI6MTcyNDk0MTMxOSwiZXhwIjoxNzI0OTQyMjE5fQ.4vJOsvo3VwxMaNzdvcnjGb_dd_m2Ywu8JINmCrLHGac'
        },
        method: 'GET',
        httpVersion: '1.1',
        originalUrl: '/favicon.ico',
        query: {}
      },
      res: { statusCode: 404 },
      responseTime: 1
    },
    timestamp: '2024-08-29T14:25:16.623Z'
  }
}
{
  level: 'error',
  message: 'HTTP GET /bandwidth',
  metadata: {
    meta: {
      req: {
        url: '/bandwidth',
        headers: {
          host: 'localhost:8000',
          connection: 'keep-alive',
          'cache-control': 'max-age=0',
          'upgrade-insecure-requests': '1',
          'user-agent': 'Mozilla/5.0 (Windows NT 10.0; Win64; x64) AppleWebKit/537.36 (KHTML, like Gecko) Chrome/128.0.0.0 Safari/537.36',
          accept: 'text/html,application/xhtml+xml,application/xml;q=0.9,image/avif,image/webp,image/apng,*/*;q=0.8,application/signed-exchange;v=b3;q=0.7',
          'sec-fetch-site': 'same-origin',
          'sec-fetch-mode': 'navigate',
          'sec-fetch-user': '?1',
          'sec-fetch-dest': 'document',
          'sec-ch-ua': '"Chromium";v="128", "Not;A=Brand";v="24", "Google Chrome";v="128"',
          'sec-ch-ua-mobile': '?0',
          'sec-ch-ua-platform': '"Windows"',
          referer: 'http://localhost:8000/user/signout',
          'accept-encoding': 'gzip, deflate, br, zstd',
          'accept-language': 'en-US,en;q=0.9',
          cookie: 'connect.sid=s%3AecF1yHWgngM7_3F1Mta0gn76X47mraHv.nL5bq57o0embkd8xLuYlXM4dJ9558KAKz4aiATxB5oo; token=eyJhbGciOiJIUzI1NiIsInR5cCI6IkpXVCJ9.eyJ1c2VyIjp7InVzZXIiOiJ0ZXN0dXNlciIsInBhc3N3b3JkIjoiJDJiJDEyJHJkZGQuS0VvSnY1d3l5TGJtZmRKWGVycmFEYjExN3V6SWx0TWNIemJZREdGZUxham0wQ0RlIn0sImlhdCI6MTcyNDk0MzQyNiwiZXhwIjoxNzI0OTQ0MzI2fQ.JbSduqogfpTl9GTafJYn20nTHnr2Oottsyf3wUrMiXo',
          'if-none-match': 'W/"3549-ttsY45vkZewk2qqjcaSCC19iexs"'
        },
        method: 'GET',
        httpVersion: '1.1',
        originalUrl: '/bandwidth',
        query: {}
      },
      res: { statusCode: 500 },
      responseTime: 371
    },
    timestamp: '2024-08-29T14:57:07.144Z'
  }
}
{
  level: 'error',
  message: 'HTTP GET /bandwidth',
  metadata: {
    meta: {
      req: {
        url: '/bandwidth',
        headers: {
          host: 'localhost:8000',
          connection: 'keep-alive',
          'cache-control': 'max-age=0',
          'upgrade-insecure-requests': '1',
          'user-agent': 'Mozilla/5.0 (Windows NT 10.0; Win64; x64) AppleWebKit/537.36 (KHTML, like Gecko) Chrome/128.0.0.0 Safari/537.36',
          accept: 'text/html,application/xhtml+xml,application/xml;q=0.9,image/avif,image/webp,image/apng,*/*;q=0.8,application/signed-exchange;v=b3;q=0.7',
          'sec-fetch-site': 'same-origin',
          'sec-fetch-mode': 'navigate',
          'sec-fetch-user': '?1',
          'sec-fetch-dest': 'document',
          'sec-ch-ua': '"Chromium";v="128", "Not;A=Brand";v="24", "Google Chrome";v="128"',
          'sec-ch-ua-mobile': '?0',
          'sec-ch-ua-platform': '"Windows"',
          referer: 'http://localhost:8000/user/signout',
          'accept-encoding': 'gzip, deflate, br, zstd',
          'accept-language': 'en-US,en;q=0.9',
          cookie: 'connect.sid=s%3AecF1yHWgngM7_3F1Mta0gn76X47mraHv.nL5bq57o0embkd8xLuYlXM4dJ9558KAKz4aiATxB5oo; token=eyJhbGciOiJIUzI1NiIsInR5cCI6IkpXVCJ9.eyJ1c2VyIjp7InVzZXIiOiJ0ZXN0dXNlciIsInBhc3N3b3JkIjoiJDJiJDEyJHJkZGQuS0VvSnY1d3l5TGJtZmRKWGVycmFEYjExN3V6SWx0TWNIemJZREdGZUxham0wQ0RlIn0sImlhdCI6MTcyNDk0MzU4MywiZXhwIjoxNzI0OTQ0NDgzfQ.YYCtK10_Af6yz8zvM19eXJHW9Be_zUUt6ekfWoQ53xw'
        },
        method: 'GET',
        httpVersion: '1.1',
        originalUrl: '/bandwidth',
        query: {}
      },
      res: { statusCode: 500 },
      responseTime: 258
    },
    timestamp: '2024-08-29T14:59:43.486Z'
  }
}
{
  level: 'error',
  message: 'HTTP GET /bandwidth',
  metadata: {
    meta: {
      req: {
        url: '/bandwidth',
        headers: {
          host: 'localhost:8000',
          connection: 'keep-alive',
          'cache-control': 'max-age=0',
          'upgrade-insecure-requests': '1',
          'user-agent': 'Mozilla/5.0 (Windows NT 10.0; Win64; x64) AppleWebKit/537.36 (KHTML, like Gecko) Chrome/128.0.0.0 Safari/537.36',
          accept: 'text/html,application/xhtml+xml,application/xml;q=0.9,image/avif,image/webp,image/apng,*/*;q=0.8,application/signed-exchange;v=b3;q=0.7',
          'sec-fetch-site': 'same-origin',
          'sec-fetch-mode': 'navigate',
          'sec-fetch-user': '?1',
          'sec-fetch-dest': 'document',
          'sec-ch-ua': '"Chromium";v="128", "Not;A=Brand";v="24", "Google Chrome";v="128"',
          'sec-ch-ua-mobile': '?0',
          'sec-ch-ua-platform': '"Windows"',
          referer: 'http://localhost:8000/user/signout',
          'accept-encoding': 'gzip, deflate, br, zstd',
          'accept-language': 'en-US,en;q=0.9',
          cookie: 'connect.sid=s%3AzAkyudal_5QnMRv7SbbB4Xf0oOjH_Goy.V2BbgG%2BWxKqmjUzHtqcLBY9rw7OOgXINyD9a4zBUs7g; token=eyJhbGciOiJIUzI1NiIsInR5cCI6IkpXVCJ9.eyJ1c2VyIjp7InVzZXIiOiJ0ZXN0dXNlciIsInBhc3N3b3JkIjoiJDJiJDEyJHJkZGQuS0VvSnY1d3l5TGJtZmRKWGVycmFEYjExN3V6SWx0TWNIemJZREdGZUxham0wQ0RlIn0sImlhdCI6MTcyNDk0NjcwNCwiZXhwIjoxNzI0OTQ3NjA0fQ.agZ_V1FQuCyiaPMuXYxR9La1CPwGi2TNR1U9BYEgAc4',
          'if-none-match': 'W/"3629-0XOXoF9XAYafIYUqFerlmORQ0QI"'
        },
        method: 'GET',
        httpVersion: '1.1',
        originalUrl: '/bandwidth',
        query: {}
      },
      res: { statusCode: 500 },
      responseTime: 294
    },
    timestamp: '2024-08-29T15:51:44.809Z'
  }
}
{
  level: 'error',
  message: 'HTTP GET /bandwidth',
  metadata: {
    meta: {
      req: {
        url: '/bandwidth',
        headers: {
          host: 'localhost:8000',
          connection: 'keep-alive',
          'cache-control': 'max-age=0',
          'sec-ch-ua': '"Chromium";v="128", "Not;A=Brand";v="24", "Google Chrome";v="128"',
          'sec-ch-ua-mobile': '?0',
          'sec-ch-ua-platform': '"Windows"',
          'upgrade-insecure-requests': '1',
          'user-agent': 'Mozilla/5.0 (Windows NT 10.0; Win64; x64) AppleWebKit/537.36 (KHTML, like Gecko) Chrome/128.0.0.0 Safari/537.36',
          accept: 'text/html,application/xhtml+xml,application/xml;q=0.9,image/avif,image/webp,image/apng,*/*;q=0.8,application/signed-exchange;v=b3;q=0.7',
          'sec-fetch-site': 'same-origin',
          'sec-fetch-mode': 'navigate',
          'sec-fetch-user': '?1',
          'sec-fetch-dest': 'document',
          referer: 'http://localhost:8000/user/signout',
          'accept-encoding': 'gzip, deflate, br, zstd',
          'accept-language': 'en-US,en;q=0.9',
          cookie: 'connect.sid=s%3AzAkyudal_5QnMRv7SbbB4Xf0oOjH_Goy.V2BbgG%2BWxKqmjUzHtqcLBY9rw7OOgXINyD9a4zBUs7g; token=eyJhbGciOiJIUzI1NiIsInR5cCI6IkpXVCJ9.eyJ1c2VyIjp7InVzZXIiOiJ0ZXN0dXNlciIsInBhc3N3b3JkIjoiJDJiJDEyJHJkZGQuS0VvSnY1d3l5TGJtZmRKWGVycmFEYjExN3V6SWx0TWNIemJZREdGZUxham0wQ0RlIn0sImlhdCI6MTcyNDk0NjcwNCwiZXhwIjoxNzI0OTQ3NjA0fQ.agZ_V1FQuCyiaPMuXYxR9La1CPwGi2TNR1U9BYEgAc4'
        },
        method: 'GET',
        httpVersion: '1.1',
        originalUrl: '/bandwidth',
        query: {}
      },
      res: { statusCode: 500 },
      responseTime: 391
    },
    timestamp: '2024-08-29T15:53:44.245Z'
  }
}
{
  level: 'error',
  message: 'HTTP GET /bandwidth/?location=BDC',
  metadata: {
    meta: {
      req: {
        url: '/bandwidth/?location=BDC',
        headers: {
          host: 'localhost:8000',
          connection: 'keep-alive',
          'sec-ch-ua': '"Chromium";v="128", "Not;A=Brand";v="24", "Google Chrome";v="128"',
          'sec-ch-ua-mobile': '?0',
          'sec-ch-ua-platform': '"Windows"',
          'upgrade-insecure-requests': '1',
          'user-agent': 'Mozilla/5.0 (Windows NT 10.0; Win64; x64) AppleWebKit/537.36 (KHTML, like Gecko) Chrome/128.0.0.0 Safari/537.36',
          accept: 'text/html,application/xhtml+xml,application/xml;q=0.9,image/avif,image/webp,image/apng,*/*;q=0.8,application/signed-exchange;v=b3;q=0.7',
          'sec-fetch-site': 'same-origin',
          'sec-fetch-mode': 'navigate',
          'sec-fetch-user': '?1',
          'sec-fetch-dest': 'document',
          referer: 'http://localhost:8000/bandwidth',
          'accept-encoding': 'gzip, deflate, br, zstd',
          'accept-language': 'en-US,en;q=0.9',
          cookie: 'connect.sid=s%3AzAkyudal_5QnMRv7SbbB4Xf0oOjH_Goy.V2BbgG%2BWxKqmjUzHtqcLBY9rw7OOgXINyD9a4zBUs7g; token=eyJhbGciOiJIUzI1NiIsInR5cCI6IkpXVCJ9.eyJ1c2VyIjp7InVzZXIiOiJ0ZXN0dXNlciIsInBhc3N3b3JkIjoiJDJiJDEyJHJkZGQuS0VvSnY1d3l5TGJtZmRKWGVycmFEYjExN3V6SWx0TWNIemJZREdGZUxham0wQ0RlIn0sImlhdCI6MTcyNDk0NzAyOCwiZXhwIjoxNzI0OTQ3OTI4fQ.QjODQVKd-m6iqhUl8mgSwGOfzTg5RaZRP_q-K1-kA-0',
          'if-none-match': 'W/"1112-fQz0z/r7ljaxQLQ0bZxWah/Rnr4"'
        },
        method: 'GET',
        httpVersion: '1.1',
        originalUrl: '/bandwidth/?location=BDC',
        query: { location: 'BDC' }
      },
      res: { statusCode: 500 },
      responseTime: 459
    },
    timestamp: '2024-08-29T15:57:13.158Z'
  }
}
{
  level: 'error',
  message: 'HTTP GET /bandwidth/?location=BDC',
  metadata: {
    meta: {
      req: {
        url: '/bandwidth/?location=BDC',
        headers: {
          host: 'localhost:8000',
          connection: 'keep-alive',
          'sec-ch-ua': '"Chromium";v="128", "Not;A=Brand";v="24", "Google Chrome";v="128"',
          'sec-ch-ua-mobile': '?0',
          'sec-ch-ua-platform': '"Windows"',
          'upgrade-insecure-requests': '1',
          'user-agent': 'Mozilla/5.0 (Windows NT 10.0; Win64; x64) AppleWebKit/537.36 (KHTML, like Gecko) Chrome/128.0.0.0 Safari/537.36',
          accept: 'text/html,application/xhtml+xml,application/xml;q=0.9,image/avif,image/webp,image/apng,*/*;q=0.8,application/signed-exchange;v=b3;q=0.7',
          'sec-fetch-site': 'same-origin',
          'sec-fetch-mode': 'navigate',
          'sec-fetch-user': '?1',
          'sec-fetch-dest': 'document',
          referer: 'http://localhost:8000/bandwidth',
          'accept-encoding': 'gzip, deflate, br, zstd',
          'accept-language': 'en-US,en;q=0.9',
          cookie: 'connect.sid=s%3AzAkyudal_5QnMRv7SbbB4Xf0oOjH_Goy.V2BbgG%2BWxKqmjUzHtqcLBY9rw7OOgXINyD9a4zBUs7g; token=eyJhbGciOiJIUzI1NiIsInR5cCI6IkpXVCJ9.eyJ1c2VyIjp7InVzZXIiOiJ0ZXN0dXNlciIsInBhc3N3b3JkIjoiJDJiJDEyJHJkZGQuS0VvSnY1d3l5TGJtZmRKWGVycmFEYjExN3V6SWx0TWNIemJZREdGZUxham0wQ0RlIn0sImlhdCI6MTcyNDk0NzIyNywiZXhwIjoxNzI0OTQ4MTI3fQ.fqMKee6w3x9D41Ln06dK5jMW3kw-_RSaJlXlLrTVZUw'
        },
        method: 'GET',
        httpVersion: '1.1',
        originalUrl: '/bandwidth/?location=BDC',
        query: { location: 'BDC' }
      },
      res: { statusCode: 500 },
      responseTime: 405
    },
    timestamp: '2024-08-29T16:00:32.227Z'
  }
}
{
  level: 'error',
  message: 'HTTP GET /bandwidth/?location=BDC',
  metadata: {
    meta: {
      req: {
        url: '/bandwidth/?location=BDC',
        headers: {
          host: 'localhost:8000',
          connection: 'keep-alive',
          'sec-ch-ua': '"Chromium";v="128", "Not;A=Brand";v="24", "Google Chrome";v="128"',
          'sec-ch-ua-mobile': '?0',
          'sec-ch-ua-platform': '"Windows"',
          'upgrade-insecure-requests': '1',
          'user-agent': 'Mozilla/5.0 (Windows NT 10.0; Win64; x64) AppleWebKit/537.36 (KHTML, like Gecko) Chrome/128.0.0.0 Safari/537.36',
          accept: 'text/html,application/xhtml+xml,application/xml;q=0.9,image/avif,image/webp,image/apng,*/*;q=0.8,application/signed-exchange;v=b3;q=0.7',
          'sec-fetch-site': 'same-origin',
          'sec-fetch-mode': 'navigate',
          'sec-fetch-user': '?1',
          'sec-fetch-dest': 'document',
          referer: 'http://localhost:8000/bandwidth',
          'accept-encoding': 'gzip, deflate, br, zstd',
          'accept-language': 'en-US,en;q=0.9',
          cookie: 'connect.sid=s%3AzAkyudal_5QnMRv7SbbB4Xf0oOjH_Goy.V2BbgG%2BWxKqmjUzHtqcLBY9rw7OOgXINyD9a4zBUs7g; token=eyJhbGciOiJIUzI1NiIsInR5cCI6IkpXVCJ9.eyJ1c2VyIjp7InVzZXIiOiJ0ZXN0dXNlciIsInBhc3N3b3JkIjoiJDJiJDEyJHJkZGQuS0VvSnY1d3l5TGJtZmRKWGVycmFEYjExN3V6SWx0TWNIemJZREdGZUxham0wQ0RlIn0sImlhdCI6MTcyNDk0NzMzOCwiZXhwIjoxNzI0OTQ4MjM4fQ.HdIjK66TA__3fDh7RmqktL4qm28k-znxl7xpN9oYn8M'
        },
        method: 'GET',
        httpVersion: '1.1',
        originalUrl: '/bandwidth/?location=BDC',
        query: { location: 'BDC' }
      },
      res: { statusCode: 500 },
      responseTime: 153
    },
    timestamp: '2024-08-29T16:02:31.756Z'
  }
}
{
  level: 'error',
  message: 'HTTP GET /bandwidth/?location=BDC',
  metadata: {
    meta: {
      req: {
        url: '/bandwidth/?location=BDC',
        headers: {
          host: 'localhost:8000',
          connection: 'keep-alive',
          'sec-ch-ua': '"Chromium";v="128", "Not;A=Brand";v="24", "Google Chrome";v="128"',
          'sec-ch-ua-mobile': '?0',
          'sec-ch-ua-platform': '"Windows"',
          'upgrade-insecure-requests': '1',
          'user-agent': 'Mozilla/5.0 (Windows NT 10.0; Win64; x64) AppleWebKit/537.36 (KHTML, like Gecko) Chrome/128.0.0.0 Safari/537.36',
          accept: 'text/html,application/xhtml+xml,application/xml;q=0.9,image/avif,image/webp,image/apng,*/*;q=0.8,application/signed-exchange;v=b3;q=0.7',
          'sec-fetch-site': 'same-origin',
          'sec-fetch-mode': 'navigate',
          'sec-fetch-user': '?1',
          'sec-fetch-dest': 'document',
          referer: 'http://localhost:8000/bandwidth',
          'accept-encoding': 'gzip, deflate, br, zstd',
          'accept-language': 'en-US,en;q=0.9',
          cookie: 'connect.sid=s%3AzAkyudal_5QnMRv7SbbB4Xf0oOjH_Goy.V2BbgG%2BWxKqmjUzHtqcLBY9rw7OOgXINyD9a4zBUs7g; token=eyJhbGciOiJIUzI1NiIsInR5cCI6IkpXVCJ9.eyJ1c2VyIjp7InVzZXIiOiJ0ZXN0dXNlciIsInBhc3N3b3JkIjoiJDJiJDEyJHJkZGQuS0VvSnY1d3l5TGJtZmRKWGVycmFEYjExN3V6SWx0TWNIemJZREdGZUxham0wQ0RlIn0sImlhdCI6MTcyNDk0NzMzOCwiZXhwIjoxNzI0OTQ4MjM4fQ.HdIjK66TA__3fDh7RmqktL4qm28k-znxl7xpN9oYn8M'
        },
        method: 'GET',
        httpVersion: '1.1',
        originalUrl: '/bandwidth/?location=BDC',
        query: { location: 'BDC' }
      },
      res: { statusCode: 500 },
      responseTime: 187
    },
    timestamp: '2024-08-29T16:03:58.647Z'
  }
}
{
  level: 'error',
  message: 'HTTP GET /bandwidth/?location=BDC',
  metadata: {
    meta: {
      req: {
        url: '/bandwidth/?location=BDC',
        headers: {
          host: 'localhost:8000',
          connection: 'keep-alive',
          'cache-control': 'max-age=0',
          'sec-ch-ua': '"Chromium";v="128", "Not;A=Brand";v="24", "Google Chrome";v="128"',
          'sec-ch-ua-mobile': '?0',
          'sec-ch-ua-platform': '"Windows"',
          'upgrade-insecure-requests': '1',
          'user-agent': 'Mozilla/5.0 (Windows NT 10.0; Win64; x64) AppleWebKit/537.36 (KHTML, like Gecko) Chrome/128.0.0.0 Safari/537.36',
          accept: 'text/html,application/xhtml+xml,application/xml;q=0.9,image/avif,image/webp,image/apng,*/*;q=0.8,application/signed-exchange;v=b3;q=0.7',
          'sec-fetch-site': 'same-origin',
          'sec-fetch-mode': 'navigate',
          'sec-fetch-user': '?1',
          'sec-fetch-dest': 'document',
          referer: 'http://localhost:8000/bandwidth',
          'accept-encoding': 'gzip, deflate, br, zstd',
          'accept-language': 'en-US,en;q=0.9',
          cookie: 'connect.sid=s%3AzAkyudal_5QnMRv7SbbB4Xf0oOjH_Goy.V2BbgG%2BWxKqmjUzHtqcLBY9rw7OOgXINyD9a4zBUs7g; token=eyJhbGciOiJIUzI1NiIsInR5cCI6IkpXVCJ9.eyJ1c2VyIjp7InVzZXIiOiJ0ZXN0dXNlciIsInBhc3N3b3JkIjoiJDJiJDEyJHJkZGQuS0VvSnY1d3l5TGJtZmRKWGVycmFEYjExN3V6SWx0TWNIemJZREdGZUxham0wQ0RlIn0sImlhdCI6MTcyNDk0NzMzOCwiZXhwIjoxNzI0OTQ4MjM4fQ.HdIjK66TA__3fDh7RmqktL4qm28k-znxl7xpN9oYn8M'
        },
        method: 'GET',
        httpVersion: '1.1',
        originalUrl: '/bandwidth/?location=BDC',
        query: { location: 'BDC' }
      },
      res: { statusCode: 500 },
      responseTime: 163
    },
    timestamp: '2024-08-29T16:08:58.027Z'
  }
}
{
  level: 'error',
  message: 'HTTP GET /bandwidth/?location=BDC',
  metadata: {
    meta: {
      req: {
        url: '/bandwidth/?location=BDC',
        headers: {
          host: 'localhost:8000',
          connection: 'keep-alive',
          'cache-control': 'max-age=0',
          'sec-ch-ua': '"Chromium";v="128", "Not;A=Brand";v="24", "Google Chrome";v="128"',
          'sec-ch-ua-mobile': '?0',
          'sec-ch-ua-platform': '"Windows"',
          'upgrade-insecure-requests': '1',
          'user-agent': 'Mozilla/5.0 (Windows NT 10.0; Win64; x64) AppleWebKit/537.36 (KHTML, like Gecko) Chrome/128.0.0.0 Safari/537.36',
          accept: 'text/html,application/xhtml+xml,application/xml;q=0.9,image/avif,image/webp,image/apng,*/*;q=0.8,application/signed-exchange;v=b3;q=0.7',
          'sec-fetch-site': 'same-origin',
          'sec-fetch-mode': 'navigate',
          'sec-fetch-user': '?1',
          'sec-fetch-dest': 'document',
          referer: 'http://localhost:8000/bandwidth',
          'accept-encoding': 'gzip, deflate, br, zstd',
          'accept-language': 'en-US,en;q=0.9',
          cookie: 'connect.sid=s%3AzAkyudal_5QnMRv7SbbB4Xf0oOjH_Goy.V2BbgG%2BWxKqmjUzHtqcLBY9rw7OOgXINyD9a4zBUs7g; token=eyJhbGciOiJIUzI1NiIsInR5cCI6IkpXVCJ9.eyJ1c2VyIjp7InVzZXIiOiJ0ZXN0dXNlciIsInBhc3N3b3JkIjoiJDJiJDEyJHJkZGQuS0VvSnY1d3l5TGJtZmRKWGVycmFEYjExN3V6SWx0TWNIemJZREdGZUxham0wQ0RlIn0sImlhdCI6MTcyNDk1MTQ1NywiZXhwIjoxNzI0OTUyMzU3fQ.H_JkcX-TMl-WVNSN83ws3jgXAVEqPZvftFyK1-dX7HY',
          'if-none-match': 'W/"d6e12-Xy0URJbFgArMRzMnYArA8Rm5q4A"'
        },
        method: 'GET',
        httpVersion: '1.1',
        originalUrl: '/bandwidth/?location=BDC',
        query: { location: 'BDC' }
      },
      res: { statusCode: 500 },
      responseTime: 190
    },
    timestamp: '2024-08-29T17:12:01.912Z'
  }
}
{
  level: 'error',
  message: "Error updating data: Cannot read properties of undefined (reading 'toUpperCase')",
  metadata: {
    stack: "TypeError: Cannot read properties of undefined (reading 'toUpperCase')\n" +
      '    at BandwidthModel.updateExcel (file:///C:/Users/deepe/OneDrive/Documents/NodeJS_CodingNinja/BW_BILLING_TRACKER/features/bandwidth/bandwidth.model.js:41:79)\n' +
      '    at updateData (file:///C:/Users/deepe/OneDrive/Documents/NodeJS_CodingNinja/BW_BILLING_TRACKER/features/bandwidth/bandwidth.controller.js:19:38)\n' +
      '    at Layer.handle [as handle_request] (C:\\Users\\deepe\\OneDrive\\Documents\\NodeJS_CodingNinja\\BW_BILLING_TRACKER\\node_modules\\express\\lib\\router\\layer.js:95:5)\n' +
      '    at next (C:\\Users\\deepe\\OneDrive\\Documents\\NodeJS_CodingNinja\\BW_BILLING_TRACKER\\node_modules\\express\\lib\\router\\route.js:149:13)\n' +
      '    at Route.dispatch (C:\\Users\\deepe\\OneDrive\\Documents\\NodeJS_CodingNinja\\BW_BILLING_TRACKER\\node_modules\\express\\lib\\router\\route.js:119:3)\n' +
      '    at Layer.handle [as handle_request] (C:\\Users\\deepe\\OneDrive\\Documents\\NodeJS_CodingNinja\\BW_BILLING_TRACKER\\node_modules\\express\\lib\\router\\layer.js:95:5)\n' +
      '    at C:\\Users\\deepe\\OneDrive\\Documents\\NodeJS_CodingNinja\\BW_BILLING_TRACKER\\node_modules\\express\\lib\\router\\index.js:284:15\n' +
      '    at Function.process_params (C:\\Users\\deepe\\OneDrive\\Documents\\NodeJS_CodingNinja\\BW_BILLING_TRACKER\\node_modules\\express\\lib\\router\\index.js:346:12)\n' +
      '    at next (C:\\Users\\deepe\\OneDrive\\Documents\\NodeJS_CodingNinja\\BW_BILLING_TRACKER\\node_modules\\express\\lib\\router\\index.js:280:10)\n' +
      '    at Function.handle (C:\\Users\\deepe\\OneDrive\\Documents\\NodeJS_CodingNinja\\BW_BILLING_TRACKER\\node_modules\\express\\lib\\router\\index.js:175:3)\n' +
      '    at router (C:\\Users\\deepe\\OneDrive\\Documents\\NodeJS_CodingNinja\\BW_BILLING_TRACKER\\node_modules\\express\\lib\\router\\index.js:47:12)\n' +
      '    at Layer.handle [as handle_request] (C:\\Users\\deepe\\OneDrive\\Documents\\NodeJS_CodingNinja\\BW_BILLING_TRACKER\\node_modules\\express\\lib\\router\\layer.js:95:5)\n' +
      '    at trim_prefix (C:\\Users\\deepe\\OneDrive\\Documents\\NodeJS_CodingNinja\\BW_BILLING_TRACKER\\node_modules\\express\\lib\\router\\index.js:328:13)\n' +
      '    at C:\\Users\\deepe\\OneDrive\\Documents\\NodeJS_CodingNinja\\BW_BILLING_TRACKER\\node_modules\\express\\lib\\router\\index.js:286:9\n' +
      '    at Function.process_params (C:\\Users\\deepe\\OneDrive\\Documents\\NodeJS_CodingNinja\\BW_BILLING_TRACKER\\node_modules\\express\\lib\\router\\index.js:346:12)\n' +
      '    at next (C:\\Users\\deepe\\OneDrive\\Documents\\NodeJS_CodingNinja\\BW_BILLING_TRACKER\\node_modules\\express\\lib\\router\\index.js:280:10)',
    timestamp: '2024-08-29T17:34:39.452Z'
  }
}
{
  level: 'error',
  message: 'HTTP POST /bandwidth/update',
  metadata: {
    meta: {
      req: {
        url: '/bandwidth/update',
        headers: {
          host: 'localhost:8000',
          connection: 'keep-alive',
          'content-length': '7748',
          'cache-control': 'max-age=0',
          'sec-ch-ua': '"Chromium";v="128", "Not;A=Brand";v="24", "Google Chrome";v="128"',
          'sec-ch-ua-mobile': '?0',
          'sec-ch-ua-platform': '"Windows"',
          'upgrade-insecure-requests': '1',
          origin: 'http://localhost:8000',
          'content-type': 'application/x-www-form-urlencoded',
          'user-agent': 'Mozilla/5.0 (Windows NT 10.0; Win64; x64) AppleWebKit/537.36 (KHTML, like Gecko) Chrome/128.0.0.0 Safari/537.36',
          accept: 'text/html,application/xhtml+xml,application/xml;q=0.9,image/avif,image/webp,image/apng,*/*;q=0.8,application/signed-exchange;v=b3;q=0.7',
          'sec-fetch-site': 'same-origin',
          'sec-fetch-mode': 'navigate',
          'sec-fetch-user': '?1',
          'sec-fetch-dest': 'document',
          referer: 'http://localhost:8000/bandwidth/?location=BDC',
          'accept-encoding': 'gzip, deflate, br, zstd',
          'accept-language': 'en-US,en;q=0.9',
          cookie: 'connect.sid=s%3AzAkyudal_5QnMRv7SbbB4Xf0oOjH_Goy.V2BbgG%2BWxKqmjUzHtqcLBY9rw7OOgXINyD9a4zBUs7g; token=eyJhbGciOiJIUzI1NiIsInR5cCI6IkpXVCJ9.eyJ1c2VyIjoidGVzdHVzZXIiLCJpYXQiOjE3MjQ5NTI4NjcsImV4cCI6MTcyNDk1Mzc2N30.CTRR6Yxi2eckEPU8cm30IHUr3PGer0VNUBWIn6RItDc'
        },
        method: 'POST',
        httpVersion: '1.1',
        originalUrl: '/bandwidth/update',
        query: { location: 'BDC' }
      },
      res: { statusCode: 500 },
      responseTime: 186
    },
    timestamp: '2024-08-29T17:34:39.455Z'
  }
}
{
  level: 'error',
  message: "Error updating data: Cannot read properties of undefined (reading 'toUpperCase')",
  metadata: {
    stack: "TypeError: Cannot read properties of undefined (reading 'toUpperCase')\n" +
      '    at BandwidthModel.updateExcel (file:///C:/Users/deepe/OneDrive/Documents/NodeJS_CodingNinja/BW_BILLING_TRACKER/features/bandwidth/bandwidth.model.js:41:79)\n' +
      '    at updateData (file:///C:/Users/deepe/OneDrive/Documents/NodeJS_CodingNinja/BW_BILLING_TRACKER/features/bandwidth/bandwidth.controller.js:19:38)\n' +
      '    at Layer.handle [as handle_request] (C:\\Users\\deepe\\OneDrive\\Documents\\NodeJS_CodingNinja\\BW_BILLING_TRACKER\\node_modules\\express\\lib\\router\\layer.js:95:5)\n' +
      '    at next (C:\\Users\\deepe\\OneDrive\\Documents\\NodeJS_CodingNinja\\BW_BILLING_TRACKER\\node_modules\\express\\lib\\router\\route.js:149:13)\n' +
      '    at Route.dispatch (C:\\Users\\deepe\\OneDrive\\Documents\\NodeJS_CodingNinja\\BW_BILLING_TRACKER\\node_modules\\express\\lib\\router\\route.js:119:3)\n' +
      '    at Layer.handle [as handle_request] (C:\\Users\\deepe\\OneDrive\\Documents\\NodeJS_CodingNinja\\BW_BILLING_TRACKER\\node_modules\\express\\lib\\router\\layer.js:95:5)\n' +
      '    at C:\\Users\\deepe\\OneDrive\\Documents\\NodeJS_CodingNinja\\BW_BILLING_TRACKER\\node_modules\\express\\lib\\router\\index.js:284:15\n' +
      '    at Function.process_params (C:\\Users\\deepe\\OneDrive\\Documents\\NodeJS_CodingNinja\\BW_BILLING_TRACKER\\node_modules\\express\\lib\\router\\index.js:346:12)\n' +
      '    at next (C:\\Users\\deepe\\OneDrive\\Documents\\NodeJS_CodingNinja\\BW_BILLING_TRACKER\\node_modules\\express\\lib\\router\\index.js:280:10)\n' +
      '    at Function.handle (C:\\Users\\deepe\\OneDrive\\Documents\\NodeJS_CodingNinja\\BW_BILLING_TRACKER\\node_modules\\express\\lib\\router\\index.js:175:3)\n' +
      '    at router (C:\\Users\\deepe\\OneDrive\\Documents\\NodeJS_CodingNinja\\BW_BILLING_TRACKER\\node_modules\\express\\lib\\router\\index.js:47:12)\n' +
      '    at Layer.handle [as handle_request] (C:\\Users\\deepe\\OneDrive\\Documents\\NodeJS_CodingNinja\\BW_BILLING_TRACKER\\node_modules\\express\\lib\\router\\layer.js:95:5)\n' +
      '    at trim_prefix (C:\\Users\\deepe\\OneDrive\\Documents\\NodeJS_CodingNinja\\BW_BILLING_TRACKER\\node_modules\\express\\lib\\router\\index.js:328:13)\n' +
      '    at C:\\Users\\deepe\\OneDrive\\Documents\\NodeJS_CodingNinja\\BW_BILLING_TRACKER\\node_modules\\express\\lib\\router\\index.js:286:9\n' +
      '    at Function.process_params (C:\\Users\\deepe\\OneDrive\\Documents\\NodeJS_CodingNinja\\BW_BILLING_TRACKER\\node_modules\\express\\lib\\router\\index.js:346:12)\n' +
      '    at next (C:\\Users\\deepe\\OneDrive\\Documents\\NodeJS_CodingNinja\\BW_BILLING_TRACKER\\node_modules\\express\\lib\\router\\index.js:280:10)',
    timestamp: '2024-08-29T17:35:16.642Z'
  }
}
{
  level: 'error',
  message: 'HTTP POST /bandwidth/update',
  metadata: {
    meta: {
      req: {
        url: '/bandwidth/update',
        headers: {
          host: 'localhost:8000',
          connection: 'keep-alive',
          'content-length': '7748',
          'cache-control': 'max-age=0',
          'sec-ch-ua': '"Chromium";v="128", "Not;A=Brand";v="24", "Google Chrome";v="128"',
          'sec-ch-ua-mobile': '?0',
          'sec-ch-ua-platform': '"Windows"',
          'upgrade-insecure-requests': '1',
          'user-agent': 'Mozilla/5.0 (Windows NT 10.0; Win64; x64) AppleWebKit/537.36 (KHTML, like Gecko) Chrome/128.0.0.0 Safari/537.36',
          origin: 'http://localhost:8000',
          'content-type': 'application/x-www-form-urlencoded',
          accept: 'text/html,application/xhtml+xml,application/xml;q=0.9,image/avif,image/webp,image/apng,*/*;q=0.8,application/signed-exchange;v=b3;q=0.7',
          'sec-fetch-site': 'same-origin',
          'sec-fetch-mode': 'navigate',
          'sec-fetch-user': '?1',
          'sec-fetch-dest': 'document',
          referer: 'http://localhost:8000/bandwidth/?location=BDC',
          'accept-encoding': 'gzip, deflate, br, zstd',
          'accept-language': 'en-US,en;q=0.9',
          cookie: 'connect.sid=s%3AzAkyudal_5QnMRv7SbbB4Xf0oOjH_Goy.V2BbgG%2BWxKqmjUzHtqcLBY9rw7OOgXINyD9a4zBUs7g; token=eyJhbGciOiJIUzI1NiIsInR5cCI6IkpXVCJ9.eyJ1c2VyIjoidGVzdHVzZXIiLCJpYXQiOjE3MjQ5NTI4NjcsImV4cCI6MTcyNDk1Mzc2N30.CTRR6Yxi2eckEPU8cm30IHUr3PGer0VNUBWIn6RItDc'
        },
        method: 'POST',
        httpVersion: '1.1',
        originalUrl: '/bandwidth/update',
        query: { location: 'BDC' }
      },
      res: { statusCode: 500 },
      responseTime: 167
    },
    timestamp: '2024-08-29T17:35:16.645Z'
  }
}
{
  level: 'error',
  message: "Error updating data: Cannot read properties of undefined (reading 'toUpperCase')",
  metadata: {
    stack: "TypeError: Cannot read properties of undefined (reading 'toUpperCase')\n" +
      '    at BandwidthModel.updateExcel (file:///C:/Users/deepe/OneDrive/Documents/NodeJS_CodingNinja/BW_BILLING_TRACKER/features/bandwidth/bandwidth.model.js:41:79)\n' +
      '    at updateData (file:///C:/Users/deepe/OneDrive/Documents/NodeJS_CodingNinja/BW_BILLING_TRACKER/features/bandwidth/bandwidth.controller.js:19:38)\n' +
      '    at Layer.handle [as handle_request] (C:\\Users\\deepe\\OneDrive\\Documents\\NodeJS_CodingNinja\\BW_BILLING_TRACKER\\node_modules\\express\\lib\\router\\layer.js:95:5)\n' +
      '    at next (C:\\Users\\deepe\\OneDrive\\Documents\\NodeJS_CodingNinja\\BW_BILLING_TRACKER\\node_modules\\express\\lib\\router\\route.js:149:13)\n' +
      '    at Route.dispatch (C:\\Users\\deepe\\OneDrive\\Documents\\NodeJS_CodingNinja\\BW_BILLING_TRACKER\\node_modules\\express\\lib\\router\\route.js:119:3)\n' +
      '    at Layer.handle [as handle_request] (C:\\Users\\deepe\\OneDrive\\Documents\\NodeJS_CodingNinja\\BW_BILLING_TRACKER\\node_modules\\express\\lib\\router\\layer.js:95:5)\n' +
      '    at C:\\Users\\deepe\\OneDrive\\Documents\\NodeJS_CodingNinja\\BW_BILLING_TRACKER\\node_modules\\express\\lib\\router\\index.js:284:15\n' +
      '    at Function.process_params (C:\\Users\\deepe\\OneDrive\\Documents\\NodeJS_CodingNinja\\BW_BILLING_TRACKER\\node_modules\\express\\lib\\router\\index.js:346:12)\n' +
      '    at next (C:\\Users\\deepe\\OneDrive\\Documents\\NodeJS_CodingNinja\\BW_BILLING_TRACKER\\node_modules\\express\\lib\\router\\index.js:280:10)\n' +
      '    at Function.handle (C:\\Users\\deepe\\OneDrive\\Documents\\NodeJS_CodingNinja\\BW_BILLING_TRACKER\\node_modules\\express\\lib\\router\\index.js:175:3)\n' +
      '    at router (C:\\Users\\deepe\\OneDrive\\Documents\\NodeJS_CodingNinja\\BW_BILLING_TRACKER\\node_modules\\express\\lib\\router\\index.js:47:12)\n' +
      '    at Layer.handle [as handle_request] (C:\\Users\\deepe\\OneDrive\\Documents\\NodeJS_CodingNinja\\BW_BILLING_TRACKER\\node_modules\\express\\lib\\router\\layer.js:95:5)\n' +
      '    at trim_prefix (C:\\Users\\deepe\\OneDrive\\Documents\\NodeJS_CodingNinja\\BW_BILLING_TRACKER\\node_modules\\express\\lib\\router\\index.js:328:13)\n' +
      '    at C:\\Users\\deepe\\OneDrive\\Documents\\NodeJS_CodingNinja\\BW_BILLING_TRACKER\\node_modules\\express\\lib\\router\\index.js:286:9\n' +
      '    at Function.process_params (C:\\Users\\deepe\\OneDrive\\Documents\\NodeJS_CodingNinja\\BW_BILLING_TRACKER\\node_modules\\express\\lib\\router\\index.js:346:12)\n' +
      '    at next (C:\\Users\\deepe\\OneDrive\\Documents\\NodeJS_CodingNinja\\BW_BILLING_TRACKER\\node_modules\\express\\lib\\router\\index.js:280:10)',
    timestamp: '2024-08-29T17:39:34.042Z'
  }
}
{
  level: 'error',
  message: 'HTTP POST /bandwidth/update',
  metadata: {
    meta: {
      req: {
        url: '/bandwidth/update',
        headers: {
          host: 'localhost:8000',
          connection: 'keep-alive',
          'content-length': '7745',
          'cache-control': 'max-age=0',
          'sec-ch-ua': '"Chromium";v="128", "Not;A=Brand";v="24", "Google Chrome";v="128"',
          'sec-ch-ua-mobile': '?0',
          'sec-ch-ua-platform': '"Windows"',
          'upgrade-insecure-requests': '1',
          origin: 'http://localhost:8000',
          'content-type': 'application/x-www-form-urlencoded',
          'user-agent': 'Mozilla/5.0 (Windows NT 10.0; Win64; x64) AppleWebKit/537.36 (KHTML, like Gecko) Chrome/128.0.0.0 Safari/537.36',
          accept: 'text/html,application/xhtml+xml,application/xml;q=0.9,image/avif,image/webp,image/apng,*/*;q=0.8,application/signed-exchange;v=b3;q=0.7',
          'sec-fetch-site': 'same-origin',
          'sec-fetch-mode': 'navigate',
          'sec-fetch-user': '?1',
          'sec-fetch-dest': 'document',
          referer: 'http://localhost:8000/bandwidth/?location=BDC',
          'accept-encoding': 'gzip, deflate, br, zstd',
          'accept-language': 'en-US,en;q=0.9',
          cookie: 'connect.sid=s%3AzAkyudal_5QnMRv7SbbB4Xf0oOjH_Goy.V2BbgG%2BWxKqmjUzHtqcLBY9rw7OOgXINyD9a4zBUs7g; token=eyJhbGciOiJIUzI1NiIsInR5cCI6IkpXVCJ9.eyJ1c2VyIjoidGVzdHVzZXIiLCJpYXQiOjE3MjQ5NTI4NjcsImV4cCI6MTcyNDk1Mzc2N30.CTRR6Yxi2eckEPU8cm30IHUr3PGer0VNUBWIn6RItDc'
        },
        method: 'POST',
        httpVersion: '1.1',
        originalUrl: '/bandwidth/update',
        query: { location: 'BDC' }
      },
      res: { statusCode: 500 },
      responseTime: 230
    },
    timestamp: '2024-08-29T17:39:34.045Z'
  }
}
{
  level: 'warn',
  message: 'HTTP GET /public/Accenture-Emblem.png',
  metadata: {
    meta: {
      req: {
        url: '/public/Accenture-Emblem.png',
        headers: {
          host: 'localhost:8000',
          connection: 'keep-alive',
          'sec-ch-ua': '"Chromium";v="128", "Not;A=Brand";v="24", "Google Chrome";v="128"',
          'sec-ch-ua-mobile': '?0',
          'user-agent': 'Mozilla/5.0 (Windows NT 10.0; Win64; x64) AppleWebKit/537.36 (KHTML, like Gecko) Chrome/128.0.0.0 Safari/537.36',
          'sec-ch-ua-platform': '"Windows"',
          accept: 'image/avif,image/webp,image/apng,image/svg+xml,image/*,*/*;q=0.8',
          'sec-fetch-site': 'same-origin',
          'sec-fetch-mode': 'no-cors',
          'sec-fetch-dest': 'image',
          referer: 'http://localhost:8000/',
          'accept-encoding': 'gzip, deflate, br, zstd',
          'accept-language': 'en-US,en;q=0.9',
          cookie: 'connect.sid=s%3AcKSykVHYh9gbcKZ0T7s786KFHd62Bj9d.lz%2B8S8ONUMLl6zTFwIp%2B7hrT54G01j%2B0zvFj%2Fpia9HU'
        },
        method: 'GET',
        httpVersion: '1.1',
        originalUrl: '/public/Accenture-Emblem.png',
        query: {}
      },
      res: { statusCode: 401 },
      responseTime: 1
    },
    timestamp: '2024-08-30T03:27:25.247Z'
  }
}
{
  level: 'warn',
  message: 'HTTP GET /public/Accenture-Emblem.png',
  metadata: {
    meta: {
      req: {
        url: '/public/Accenture-Emblem.png',
        headers: {
          host: 'localhost:8000',
          connection: 'keep-alive',
          'sec-ch-ua': '"Chromium";v="128", "Not;A=Brand";v="24", "Google Chrome";v="128"',
          'sec-ch-ua-mobile': '?0',
          'user-agent': 'Mozilla/5.0 (Windows NT 10.0; Win64; x64) AppleWebKit/537.36 (KHTML, like Gecko) Chrome/128.0.0.0 Safari/537.36',
          'sec-ch-ua-platform': '"Windows"',
          accept: 'image/avif,image/webp,image/apng,image/svg+xml,image/*,*/*;q=0.8',
          'sec-fetch-site': 'same-origin',
          'sec-fetch-mode': 'no-cors',
          'sec-fetch-dest': 'image',
          referer: 'http://localhost:8000/bandwidth',
          'accept-encoding': 'gzip, deflate, br, zstd',
          'accept-language': 'en-US,en;q=0.9',
          cookie: 'connect.sid=s%3AcKSykVHYh9gbcKZ0T7s786KFHd62Bj9d.lz%2B8S8ONUMLl6zTFwIp%2B7hrT54G01j%2B0zvFj%2Fpia9HU; token=eyJhbGciOiJIUzI1NiIsInR5cCI6IkpXVCJ9.eyJ1c2VyIjp7InVzZXIiOiJ0ZXN0dXNlciIsInBhc3N3b3JkIjoiJDJiJDEyJHJkZGQuS0VvSnY1d3l5TGJtZmRKWGVycmFEYjExN3V6SWx0TWNIemJZREdGZUxham0wQ0RlIn0sImlhdCI6MTcyNDk4ODQ1MywiZXhwIjoxNzI0OTg5MzUzfQ.s6LMQBP82EqPxL6diN0V89gpH0cizQB5MalTGF7KKvc'
        },
        method: 'GET',
        httpVersion: '1.1',
        originalUrl: '/public/Accenture-Emblem.png',
        query: {}
      },
      res: { statusCode: 404 },
      responseTime: 1
    },
    timestamp: '2024-08-30T03:27:33.636Z'
  }
}
{
  level: 'warn',
  message: 'HTTP GET /public/Accenture-Emblem.png',
  metadata: {
    meta: {
      req: {
        url: '/public/Accenture-Emblem.png',
        headers: {
          host: 'localhost:8000',
          connection: 'keep-alive',
          'sec-ch-ua': '"Chromium";v="128", "Not;A=Brand";v="24", "Google Chrome";v="128"',
          'sec-ch-ua-mobile': '?0',
          'user-agent': 'Mozilla/5.0 (Windows NT 10.0; Win64; x64) AppleWebKit/537.36 (KHTML, like Gecko) Chrome/128.0.0.0 Safari/537.36',
          'sec-ch-ua-platform': '"Windows"',
          accept: 'image/avif,image/webp,image/apng,image/svg+xml,image/*,*/*;q=0.8',
          'sec-fetch-site': 'same-origin',
          'sec-fetch-mode': 'no-cors',
          'sec-fetch-dest': 'image',
          referer: 'http://localhost:8000/',
          'accept-encoding': 'gzip, deflate, br, zstd',
          'accept-language': 'en-US,en;q=0.9',
          cookie: 'connect.sid=s%3AoPd3dEUecevNV9jzvt4a8jkmevBX8G56.AewIg4qxp8fKiMjDUsBQl5pJUm%2BBgMgsiKobLZyiXTA'
        },
        method: 'GET',
        httpVersion: '1.1',
        originalUrl: '/public/Accenture-Emblem.png',
        query: {}
      },
      res: { statusCode: 401 },
      responseTime: 0
    },
    timestamp: '2024-08-31T05:58:03.818Z'
  }
}
{
  level: 'warn',
  message: 'HTTP GET /public/Accenture-Emblem.png',
  metadata: {
    meta: {
      req: {
        url: '/public/Accenture-Emblem.png',
        headers: {
          host: 'localhost:8000',
          connection: 'keep-alive',
          'sec-ch-ua': '"Chromium";v="128", "Not;A=Brand";v="24", "Google Chrome";v="128"',
          'sec-ch-ua-mobile': '?0',
          'user-agent': 'Mozilla/5.0 (Windows NT 10.0; Win64; x64) AppleWebKit/537.36 (KHTML, like Gecko) Chrome/128.0.0.0 Safari/537.36',
          'sec-ch-ua-platform': '"Windows"',
          accept: 'image/avif,image/webp,image/apng,image/svg+xml,image/*,*/*;q=0.8',
          'sec-fetch-site': 'same-origin',
          'sec-fetch-mode': 'no-cors',
          'sec-fetch-dest': 'image',
          referer: 'http://localhost:8000/bandwidth',
          'accept-encoding': 'gzip, deflate, br, zstd',
          'accept-language': 'en-US,en;q=0.9',
          cookie: 'connect.sid=s%3AoPd3dEUecevNV9jzvt4a8jkmevBX8G56.AewIg4qxp8fKiMjDUsBQl5pJUm%2BBgMgsiKobLZyiXTA; token=eyJhbGciOiJIUzI1NiIsInR5cCI6IkpXVCJ9.eyJ1c2VyIjp7InVzZXIiOiJ0ZXN0dXNlciIsInBhc3N3b3JkIjoiJDJiJDEyJHJkZGQuS0VvSnY1d3l5TGJtZmRKWGVycmFEYjExN3V6SWx0TWNIemJZREdGZUxham0wQ0RlIn0sImlhdCI6MTcyNTA4Mzg5MiwiZXhwIjoxNzI1MDg0NzkyfQ.IJOjfUBb2iG0Pe3a-8fvRRSW2G5rVzf196izSMf1nLI'
        },
        method: 'GET',
        httpVersion: '1.1',
        originalUrl: '/public/Accenture-Emblem.png',
        query: {}
      },
      res: { statusCode: 404 },
      responseTime: 3
    },
    timestamp: '2024-08-31T05:58:13.337Z'
  }
}
{
  level: 'error',
  message: 'HTTP GET /bandwidth/?location=BDC',
  metadata: {
    meta: {
      req: {
        url: '/bandwidth/?location=BDC',
        headers: {
          host: 'localhost:8000',
          connection: 'keep-alive',
          'sec-ch-ua': '"Chromium";v="128", "Not;A=Brand";v="24", "Google Chrome";v="128"',
          'sec-ch-ua-mobile': '?0',
          'sec-ch-ua-platform': '"Windows"',
          'upgrade-insecure-requests': '1',
          'user-agent': 'Mozilla/5.0 (Windows NT 10.0; Win64; x64) AppleWebKit/537.36 (KHTML, like Gecko) Chrome/128.0.0.0 Safari/537.36',
          accept: 'text/html,application/xhtml+xml,application/xml;q=0.9,image/avif,image/webp,image/apng,*/*;q=0.8,application/signed-exchange;v=b3;q=0.7',
          'sec-fetch-site': 'same-origin',
          'sec-fetch-mode': 'navigate',
          'sec-fetch-user': '?1',
          'sec-fetch-dest': 'document',
          referer: 'http://localhost:8000/bandwidth/update',
          'accept-encoding': 'gzip, deflate, br, zstd',
          'accept-language': 'en-US,en;q=0.9',
          cookie: 'token=eyJhbGciOiJIUzI1NiIsInR5cCI6IkpXVCJ9.eyJ1c2VyIjp7InVzZXIiOiJ0ZXN0dXNlciIsInBhc3N3b3JkIjoiJDJiJDEyJHJkZGQuS0VvSnY1d3l5TGJtZmRKWGVycmFEYjExN3V6SWx0TWNIemJZREdGZUxham0wQ0RlIn0sImlhdCI6MTcyNTA4Njk5NiwiZXhwIjoxNzI1MDg3ODk2fQ.sYIdL2oaRGMX9h2gza51bZ9yTS01b_hHD_mH3DVFHs0; connect.sid=s%3AGKl_G4WQmy2nNzwTlft9xeiAeeU0j5FD.IJdZbyiS%2BPGaiGjY%2Brul9x10lJ83tm8namF29wszHw8',
          'if-none-match': 'W/"d81ef-567PyMJWHhY4zDy2e++o+n20hpc"'
        },
        method: 'GET',
        httpVersion: '1.1',
        originalUrl: '/bandwidth/?location=BDC',
        query: { location: 'BDC' }
      },
      res: { statusCode: 500 },
      responseTime: 522
    },
    timestamp: '2024-08-31T07:02:33.115Z'
  }
}
{
  level: 'warn',
  message: 'HTTP GET /favicon.ico',
  metadata: {
    meta: {
      req: {
        url: '/favicon.ico',
        headers: {
          host: 'localhost:8000',
          connection: 'keep-alive',
          'sec-ch-ua': '"Chromium";v="128", "Not;A=Brand";v="24", "Google Chrome";v="128"',
          'sec-ch-ua-mobile': '?0',
          'user-agent': 'Mozilla/5.0 (Windows NT 10.0; Win64; x64) AppleWebKit/537.36 (KHTML, like Gecko) Chrome/128.0.0.0 Safari/537.36',
          'sec-ch-ua-platform': '"Windows"',
          accept: 'image/avif,image/webp,image/apng,image/svg+xml,image/*,*/*;q=0.8',
          'sec-fetch-site': 'same-origin',
          'sec-fetch-mode': 'no-cors',
          'sec-fetch-dest': 'image',
          referer: 'http://localhost:8000/bandwidth/?location=BDC',
          'accept-encoding': 'gzip, deflate, br, zstd',
          'accept-language': 'en-US,en;q=0.9',
          cookie: 'connect.sid=s%3AGKl_G4WQmy2nNzwTlft9xeiAeeU0j5FD.IJdZbyiS%2BPGaiGjY%2Brul9x10lJ83tm8namF29wszHw8; token=eyJhbGciOiJIUzI1NiIsInR5cCI6IkpXVCJ9.eyJ1c2VyIjoidGVzdHVzZXIiLCJpYXQiOjE3MjUwODc3NTIsImV4cCI6MTcyNTA4ODY1Mn0.y8LjBaJ_rpi2NbaqC3eLy6kkXsmO6QpPxWyDxOO5CVk'
        },
        method: 'GET',
        httpVersion: '1.1',
        originalUrl: '/favicon.ico',
        query: {}
      },
      res: { statusCode: 404 },
      responseTime: 2
    },
    timestamp: '2024-08-31T07:02:33.190Z'
  }
}
{
  level: 'error',
  message: 'Error updating data: Sheet with name ADDING not found in Excel file.',
  metadata: {
    stack: 'Error: Sheet with name ADDING not found in Excel file.\n' +
      '    at BandwidthModel.updateExcel (file:///C:/Users/deepe/OneDrive/Documents/NodeJS_CodingNinja/BW_BILLING_TRACKER/features/bandwidth/bandwidth.model.js:28:23)\n' +
      '    at updateData (file:///C:/Users/deepe/OneDrive/Documents/NodeJS_CodingNinja/BW_BILLING_TRACKER/features/bandwidth/bandwidth.controller.js:27:38)\n' +
      '    at Layer.handle [as handle_request] (C:\\Users\\deepe\\OneDrive\\Documents\\NodeJS_CodingNinja\\BW_BILLING_TRACKER\\node_modules\\express\\lib\\router\\layer.js:95:5)\n' +
      '    at next (C:\\Users\\deepe\\OneDrive\\Documents\\NodeJS_CodingNinja\\BW_BILLING_TRACKER\\node_modules\\express\\lib\\router\\route.js:149:13)\n' +
      '    at Route.dispatch (C:\\Users\\deepe\\OneDrive\\Documents\\NodeJS_CodingNinja\\BW_BILLING_TRACKER\\node_modules\\express\\lib\\router\\route.js:119:3)\n' +
      '    at Layer.handle [as handle_request] (C:\\Users\\deepe\\OneDrive\\Documents\\NodeJS_CodingNinja\\BW_BILLING_TRACKER\\node_modules\\express\\lib\\router\\layer.js:95:5)\n' +
      '    at C:\\Users\\deepe\\OneDrive\\Documents\\NodeJS_CodingNinja\\BW_BILLING_TRACKER\\node_modules\\express\\lib\\router\\index.js:284:15\n' +
      '    at Function.process_params (C:\\Users\\deepe\\OneDrive\\Documents\\NodeJS_CodingNinja\\BW_BILLING_TRACKER\\node_modules\\express\\lib\\router\\index.js:346:12)\n' +
      '    at next (C:\\Users\\deepe\\OneDrive\\Documents\\NodeJS_CodingNinja\\BW_BILLING_TRACKER\\node_modules\\express\\lib\\router\\index.js:280:10)\n' +
      '    at Function.handle (C:\\Users\\deepe\\OneDrive\\Documents\\NodeJS_CodingNinja\\BW_BILLING_TRACKER\\node_modules\\express\\lib\\router\\index.js:175:3)\n' +
      '    at router (C:\\Users\\deepe\\OneDrive\\Documents\\NodeJS_CodingNinja\\BW_BILLING_TRACKER\\node_modules\\express\\lib\\router\\index.js:47:12)\n' +
      '    at Layer.handle [as handle_request] (C:\\Users\\deepe\\OneDrive\\Documents\\NodeJS_CodingNinja\\BW_BILLING_TRACKER\\node_modules\\express\\lib\\router\\layer.js:95:5)\n' +
      '    at trim_prefix (C:\\Users\\deepe\\OneDrive\\Documents\\NodeJS_CodingNinja\\BW_BILLING_TRACKER\\node_modules\\express\\lib\\router\\index.js:328:13)\n' +
      '    at C:\\Users\\deepe\\OneDrive\\Documents\\NodeJS_CodingNinja\\BW_BILLING_TRACKER\\node_modules\\express\\lib\\router\\index.js:286:9\n' +
      '    at Function.process_params (C:\\Users\\deepe\\OneDrive\\Documents\\NodeJS_CodingNinja\\BW_BILLING_TRACKER\\node_modules\\express\\lib\\router\\index.js:346:12)\n' +
      '    at next (C:\\Users\\deepe\\OneDrive\\Documents\\NodeJS_CodingNinja\\BW_BILLING_TRACKER\\node_modules\\express\\lib\\router\\index.js:280:10)',
    timestamp: '2024-08-31T08:34:44.120Z'
  }
}
{
  level: 'error',
  message: 'HTTP POST /bandwidth/update',
  metadata: {
    meta: {
      req: {
        url: '/bandwidth/update',
        headers: {
          host: 'localhost:8000',
          connection: 'keep-alive',
          'content-length': '762',
          'cache-control': 'max-age=0',
          'sec-ch-ua': '"Chromium";v="128", "Not;A=Brand";v="24", "Google Chrome";v="128"',
          'sec-ch-ua-mobile': '?0',
          'sec-ch-ua-platform': '"Windows"',
          'upgrade-insecure-requests': '1',
          origin: 'http://localhost:8000',
          'content-type': 'application/x-www-form-urlencoded',
          'user-agent': 'Mozilla/5.0 (Windows NT 10.0; Win64; x64) AppleWebKit/537.36 (KHTML, like Gecko) Chrome/128.0.0.0 Safari/537.36',
          accept: 'text/html,application/xhtml+xml,application/xml;q=0.9,image/avif,image/webp,image/apng,*/*;q=0.8,application/signed-exchange;v=b3;q=0.7',
          'sec-fetch-site': 'same-origin',
          'sec-fetch-mode': 'navigate',
          'sec-fetch-user': '?1',
          'sec-fetch-dest': 'document',
          referer: 'http://localhost:8000/bandwidth/add',
          'accept-encoding': 'gzip, deflate, br, zstd',
          'accept-language': 'en-US,en;q=0.9',
          cookie: 'token=eyJhbGciOiJIUzI1NiIsInR5cCI6IkpXVCJ9.eyJ1c2VyIjp7InVzZXIiOiJ0ZXN0dXNlciIsInBhc3N3b3JkIjoiJDJiJDEyJHJkZGQuS0VvSnY1d3l5TGJtZmRKWGVycmFEYjExN3V6SWx0TWNIemJZREdGZUxham0wQ0RlIn0sImlhdCI6MTcyNTA5MzA3NSwiZXhwIjoxNzI1MDkzOTc1fQ.vo-nqmN-bqVeFdZ6ZYh1vYdBK1WmrZ-SHtp38jsAlB0; connect.sid=s%3A7VlOc5HwZSE42z8HQU9SGv1MM5N40o32.47sKCdcQElVEUtbnOXENbJSYbG%2Fl7rMgyfg0xemxvV4'
        },
        method: 'POST',
        httpVersion: '1.1',
        originalUrl: '/bandwidth/update',
        query: { location: 'ADDING' }
      },
      res: { statusCode: 500 },
      responseTime: 220
    },
    timestamp: '2024-08-31T08:34:44.123Z'
  }
}
{
  level: 'error',
  message: 'Error updating data: Sheet with name ADDING not found in Excel file.',
  metadata: {
    stack: 'Error: Sheet with name ADDING not found in Excel file.\n' +
      '    at BandwidthModel.updateExcel (file:///C:/Users/deepe/OneDrive/Documents/NodeJS_CodingNinja/BW_BILLING_TRACKER/features/bandwidth/bandwidth.model.js:28:23)\n' +
      '    at updateData (file:///C:/Users/deepe/OneDrive/Documents/NodeJS_CodingNinja/BW_BILLING_TRACKER/features/bandwidth/bandwidth.controller.js:27:38)\n' +
      '    at Layer.handle [as handle_request] (C:\\Users\\deepe\\OneDrive\\Documents\\NodeJS_CodingNinja\\BW_BILLING_TRACKER\\node_modules\\express\\lib\\router\\layer.js:95:5)\n' +
      '    at next (C:\\Users\\deepe\\OneDrive\\Documents\\NodeJS_CodingNinja\\BW_BILLING_TRACKER\\node_modules\\express\\lib\\router\\route.js:149:13)\n' +
      '    at Route.dispatch (C:\\Users\\deepe\\OneDrive\\Documents\\NodeJS_CodingNinja\\BW_BILLING_TRACKER\\node_modules\\express\\lib\\router\\route.js:119:3)\n' +
      '    at Layer.handle [as handle_request] (C:\\Users\\deepe\\OneDrive\\Documents\\NodeJS_CodingNinja\\BW_BILLING_TRACKER\\node_modules\\express\\lib\\router\\layer.js:95:5)\n' +
      '    at C:\\Users\\deepe\\OneDrive\\Documents\\NodeJS_CodingNinja\\BW_BILLING_TRACKER\\node_modules\\express\\lib\\router\\index.js:284:15\n' +
      '    at Function.process_params (C:\\Users\\deepe\\OneDrive\\Documents\\NodeJS_CodingNinja\\BW_BILLING_TRACKER\\node_modules\\express\\lib\\router\\index.js:346:12)\n' +
      '    at next (C:\\Users\\deepe\\OneDrive\\Documents\\NodeJS_CodingNinja\\BW_BILLING_TRACKER\\node_modules\\express\\lib\\router\\index.js:280:10)\n' +
      '    at Function.handle (C:\\Users\\deepe\\OneDrive\\Documents\\NodeJS_CodingNinja\\BW_BILLING_TRACKER\\node_modules\\express\\lib\\router\\index.js:175:3)\n' +
      '    at router (C:\\Users\\deepe\\OneDrive\\Documents\\NodeJS_CodingNinja\\BW_BILLING_TRACKER\\node_modules\\express\\lib\\router\\index.js:47:12)\n' +
      '    at Layer.handle [as handle_request] (C:\\Users\\deepe\\OneDrive\\Documents\\NodeJS_CodingNinja\\BW_BILLING_TRACKER\\node_modules\\express\\lib\\router\\layer.js:95:5)\n' +
      '    at trim_prefix (C:\\Users\\deepe\\OneDrive\\Documents\\NodeJS_CodingNinja\\BW_BILLING_TRACKER\\node_modules\\express\\lib\\router\\index.js:328:13)\n' +
      '    at C:\\Users\\deepe\\OneDrive\\Documents\\NodeJS_CodingNinja\\BW_BILLING_TRACKER\\node_modules\\express\\lib\\router\\index.js:286:9\n' +
      '    at Function.process_params (C:\\Users\\deepe\\OneDrive\\Documents\\NodeJS_CodingNinja\\BW_BILLING_TRACKER\\node_modules\\express\\lib\\router\\index.js:346:12)\n' +
      '    at next (C:\\Users\\deepe\\OneDrive\\Documents\\NodeJS_CodingNinja\\BW_BILLING_TRACKER\\node_modules\\express\\lib\\router\\index.js:280:10)',
    timestamp: '2024-08-31T08:35:20.082Z'
  }
}
{
  level: 'error',
  message: 'HTTP POST /bandwidth/update',
  metadata: {
    meta: {
      req: {
        url: '/bandwidth/update',
        headers: {
          host: 'localhost:8000',
          connection: 'keep-alive',
          'content-length': '760',
          'cache-control': 'max-age=0',
          'sec-ch-ua': '"Chromium";v="128", "Not;A=Brand";v="24", "Google Chrome";v="128"',
          'sec-ch-ua-mobile': '?0',
          'sec-ch-ua-platform': '"Windows"',
          'upgrade-insecure-requests': '1',
          origin: 'http://localhost:8000',
          'content-type': 'application/x-www-form-urlencoded',
          'user-agent': 'Mozilla/5.0 (Windows NT 10.0; Win64; x64) AppleWebKit/537.36 (KHTML, like Gecko) Chrome/128.0.0.0 Safari/537.36',
          accept: 'text/html,application/xhtml+xml,application/xml;q=0.9,image/avif,image/webp,image/apng,*/*;q=0.8,application/signed-exchange;v=b3;q=0.7',
          'sec-fetch-site': 'same-origin',
          'sec-fetch-mode': 'navigate',
          'sec-fetch-user': '?1',
          'sec-fetch-dest': 'document',
          referer: 'http://localhost:8000/bandwidth/add',
          'accept-encoding': 'gzip, deflate, br, zstd',
          'accept-language': 'en-US,en;q=0.9',
          cookie: 'token=eyJhbGciOiJIUzI1NiIsInR5cCI6IkpXVCJ9.eyJ1c2VyIjp7InVzZXIiOiJ0ZXN0dXNlciIsInBhc3N3b3JkIjoiJDJiJDEyJHJkZGQuS0VvSnY1d3l5TGJtZmRKWGVycmFEYjExN3V6SWx0TWNIemJZREdGZUxham0wQ0RlIn0sImlhdCI6MTcyNTA5MzA3NSwiZXhwIjoxNzI1MDkzOTc1fQ.vo-nqmN-bqVeFdZ6ZYh1vYdBK1WmrZ-SHtp38jsAlB0; connect.sid=s%3A7VlOc5HwZSE42z8HQU9SGv1MM5N40o32.47sKCdcQElVEUtbnOXENbJSYbG%2Fl7rMgyfg0xemxvV4'
        },
        method: 'POST',
        httpVersion: '1.1',
        originalUrl: '/bandwidth/update',
        query: { location: 'ADDING' }
      },
      res: { statusCode: 500 },
      responseTime: 202
    },
    timestamp: '2024-08-31T08:35:20.085Z'
  }
}
{
  level: 'error',
  message: 'Error updating data: Sheet with name ADDING not found in Excel file.',
  metadata: {
    stack: 'Error: Sheet with name ADDING not found in Excel file.\n' +
      '    at BandwidthModel.updateExcel (file:///C:/Users/deepe/OneDrive/Documents/NodeJS_CodingNinja/BW_BILLING_TRACKER/features/bandwidth/bandwidth.model.js:28:23)\n' +
      '    at updateData (file:///C:/Users/deepe/OneDrive/Documents/NodeJS_CodingNinja/BW_BILLING_TRACKER/features/bandwidth/bandwidth.controller.js:27:38)\n' +
      '    at Layer.handle [as handle_request] (C:\\Users\\deepe\\OneDrive\\Documents\\NodeJS_CodingNinja\\BW_BILLING_TRACKER\\node_modules\\express\\lib\\router\\layer.js:95:5)\n' +
      '    at next (C:\\Users\\deepe\\OneDrive\\Documents\\NodeJS_CodingNinja\\BW_BILLING_TRACKER\\node_modules\\express\\lib\\router\\route.js:149:13)\n' +
      '    at Route.dispatch (C:\\Users\\deepe\\OneDrive\\Documents\\NodeJS_CodingNinja\\BW_BILLING_TRACKER\\node_modules\\express\\lib\\router\\route.js:119:3)\n' +
      '    at Layer.handle [as handle_request] (C:\\Users\\deepe\\OneDrive\\Documents\\NodeJS_CodingNinja\\BW_BILLING_TRACKER\\node_modules\\express\\lib\\router\\layer.js:95:5)\n' +
      '    at C:\\Users\\deepe\\OneDrive\\Documents\\NodeJS_CodingNinja\\BW_BILLING_TRACKER\\node_modules\\express\\lib\\router\\index.js:284:15\n' +
      '    at Function.process_params (C:\\Users\\deepe\\OneDrive\\Documents\\NodeJS_CodingNinja\\BW_BILLING_TRACKER\\node_modules\\express\\lib\\router\\index.js:346:12)\n' +
      '    at next (C:\\Users\\deepe\\OneDrive\\Documents\\NodeJS_CodingNinja\\BW_BILLING_TRACKER\\node_modules\\express\\lib\\router\\index.js:280:10)\n' +
      '    at Function.handle (C:\\Users\\deepe\\OneDrive\\Documents\\NodeJS_CodingNinja\\BW_BILLING_TRACKER\\node_modules\\express\\lib\\router\\index.js:175:3)\n' +
      '    at router (C:\\Users\\deepe\\OneDrive\\Documents\\NodeJS_CodingNinja\\BW_BILLING_TRACKER\\node_modules\\express\\lib\\router\\index.js:47:12)\n' +
      '    at Layer.handle [as handle_request] (C:\\Users\\deepe\\OneDrive\\Documents\\NodeJS_CodingNinja\\BW_BILLING_TRACKER\\node_modules\\express\\lib\\router\\layer.js:95:5)\n' +
      '    at trim_prefix (C:\\Users\\deepe\\OneDrive\\Documents\\NodeJS_CodingNinja\\BW_BILLING_TRACKER\\node_modules\\express\\lib\\router\\index.js:328:13)\n' +
      '    at C:\\Users\\deepe\\OneDrive\\Documents\\NodeJS_CodingNinja\\BW_BILLING_TRACKER\\node_modules\\express\\lib\\router\\index.js:286:9\n' +
      '    at Function.process_params (C:\\Users\\deepe\\OneDrive\\Documents\\NodeJS_CodingNinja\\BW_BILLING_TRACKER\\node_modules\\express\\lib\\router\\index.js:346:12)\n' +
      '    at next (C:\\Users\\deepe\\OneDrive\\Documents\\NodeJS_CodingNinja\\BW_BILLING_TRACKER\\node_modules\\express\\lib\\router\\index.js:280:10)',
    timestamp: '2024-08-31T08:42:19.077Z'
  }
}
{
  level: 'error',
  message: 'HTTP POST /bandwidth/update',
  metadata: {
    meta: {
      req: {
        url: '/bandwidth/update',
        headers: {
          host: 'localhost:8000',
          connection: 'keep-alive',
          'content-length': '789',
          'cache-control': 'max-age=0',
          'sec-ch-ua': '"Chromium";v="128", "Not;A=Brand";v="24", "Google Chrome";v="128"',
          'sec-ch-ua-mobile': '?0',
          'sec-ch-ua-platform': '"Windows"',
          'upgrade-insecure-requests': '1',
          origin: 'http://localhost:8000',
          'content-type': 'application/x-www-form-urlencoded',
          'user-agent': 'Mozilla/5.0 (Windows NT 10.0; Win64; x64) AppleWebKit/537.36 (KHTML, like Gecko) Chrome/128.0.0.0 Safari/537.36',
          accept: 'text/html,application/xhtml+xml,application/xml;q=0.9,image/avif,image/webp,image/apng,*/*;q=0.8,application/signed-exchange;v=b3;q=0.7',
          'sec-fetch-site': 'same-origin',
          'sec-fetch-mode': 'navigate',
          'sec-fetch-user': '?1',
          'sec-fetch-dest': 'document',
          referer: 'http://localhost:8000/bandwidth/?location=BDC',
          'accept-encoding': 'gzip, deflate, br, zstd',
          'accept-language': 'en-US,en;q=0.9',
          cookie: 'connect.sid=s%3A9_4B2ZJEkOlXRXiRsWaNNMC24v01wMtU.ymnyNkz%2B2shPiGH6GGW%2Beyy6GJYq6%2FbGZRBqINIk9Mg; token=eyJhbGciOiJIUzI1NiIsInR5cCI6IkpXVCJ9.eyJ1c2VyIjp7InVzZXIiOiJ0ZXN0dXNlciIsInBhc3N3b3JkIjoiJDJiJDEyJHJkZGQuS0VvSnY1d3l5TGJtZmRKWGVycmFEYjExN3V6SWx0TWNIemJZREdGZUxham0wQ0RlIn0sImlhdCI6MTcyNTA5MzY3MCwiZXhwIjoxNzI1MDk0NTcwfQ.b83hOQnNgiIkhSV04CiIZ4vIzZOUMmtNVaCMXeARQcY'
        },
        method: 'POST',
        httpVersion: '1.1',
        originalUrl: '/bandwidth/update',
        query: { location: 'ADDING' }
      },
      res: { statusCode: 500 },
      responseTime: 169
    },
    timestamp: '2024-08-31T08:42:19.086Z'
  }
}
{
  level: 'warn',
  message: 'HTTP GET /public/Accenture-Emblem.png',
  metadata: {
    meta: {
      req: {
        url: '/public/Accenture-Emblem.png',
        headers: {
          host: 'localhost:8000',
          connection: 'keep-alive',
          'sec-ch-ua': '"Chromium";v="128", "Not;A=Brand";v="24", "Google Chrome";v="128"',
          'sec-ch-ua-mobile': '?0',
          'user-agent': 'Mozilla/5.0 (Windows NT 10.0; Win64; x64) AppleWebKit/537.36 (KHTML, like Gecko) Chrome/128.0.0.0 Safari/537.36',
          'sec-ch-ua-platform': '"Windows"',
          accept: 'image/avif,image/webp,image/apng,image/svg+xml,image/*,*/*;q=0.8',
          'sec-fetch-site': 'same-origin',
          'sec-fetch-mode': 'no-cors',
          'sec-fetch-dest': 'image',
          referer: 'http://localhost:8000/',
          'accept-encoding': 'gzip, deflate, br, zstd',
          'accept-language': 'en-US,en;q=0.9',
          cookie: 'connect.sid=s%3Ax3qaZACFLNTpFVcgi9d_mF7srthJQ3dy.ljCzMtHdfGYn3nmtsW%2FqC3ybSx451crV0zPRTr9gevU'
        },
        method: 'GET',
        httpVersion: '1.1',
        originalUrl: '/public/Accenture-Emblem.png',
        query: {}
      },
      res: { statusCode: 401 },
      responseTime: 1
    },
    timestamp: '2024-09-01T04:40:47.088Z'
  }
}
{
  level: 'warn',
  message: 'HTTP GET /public/Accenture-Emblem.png',
  metadata: {
    meta: {
      req: {
        url: '/public/Accenture-Emblem.png',
        headers: {
          host: 'localhost:8000',
          connection: 'keep-alive',
          'sec-ch-ua': '"Chromium";v="128", "Not;A=Brand";v="24", "Google Chrome";v="128"',
          'sec-ch-ua-mobile': '?0',
          'user-agent': 'Mozilla/5.0 (Windows NT 10.0; Win64; x64) AppleWebKit/537.36 (KHTML, like Gecko) Chrome/128.0.0.0 Safari/537.36',
          'sec-ch-ua-platform': '"Windows"',
          accept: 'image/avif,image/webp,image/apng,image/svg+xml,image/*,*/*;q=0.8',
          'sec-fetch-site': 'same-origin',
          'sec-fetch-mode': 'no-cors',
          'sec-fetch-dest': 'image',
          referer: 'http://localhost:8000/bandwidth',
          'accept-encoding': 'gzip, deflate, br, zstd',
          'accept-language': 'en-US,en;q=0.9',
          cookie: 'connect.sid=s%3Ax3qaZACFLNTpFVcgi9d_mF7srthJQ3dy.ljCzMtHdfGYn3nmtsW%2FqC3ybSx451crV0zPRTr9gevU; token=eyJhbGciOiJIUzI1NiIsInR5cCI6IkpXVCJ9.eyJ1c2VyIjp7InVzZXIiOiJ0ZXN0dXNlciIsInBhc3N3b3JkIjoiJDJiJDEyJHJkZGQuS0VvSnY1d3l5TGJtZmRKWGVycmFEYjExN3V6SWx0TWNIemJZREdGZUxham0wQ0RlIn0sImlhdCI6MTcyNTE2NTY1NSwiZXhwIjoxNzI1MTY2NTU1fQ.evBHojK226glbdLkAN7cITwaTIyWhnwPJXW9LziA4g4'
        },
        method: 'GET',
        httpVersion: '1.1',
        originalUrl: '/public/Accenture-Emblem.png',
        query: {}
      },
      res: { statusCode: 404 },
      responseTime: 3
    },
    timestamp: '2024-09-01T04:40:55.454Z'
  }
}
